<?xml version="1.0" encoding="utf-8"?><testsuites name="pytest tests"><testsuite name="pytest" errors="0" failures="1" skipped="0" tests="12" time="1.150" timestamp="2026-02-07T18:44:07.905924+00:00" hostname="agent-env-fde619de-4785-405a-b106-5a3cfacd9be9"><testcase classname="tests.test_vbt_body_composition.TestVBTEndpoints" name="test_vbt_providers_endpoint" time="0.080" /><testcase classname="tests.test_vbt_body_composition.TestVBTEndpoints" name="test_vbt_analysis_endpoint" time="0.311" /><testcase classname="tests.test_vbt_body_composition.TestVBTEndpoints" name="test_vbt_data_submission" time="0.043" /><testcase classname="tests.test_vbt_body_composition.TestBodyCompositionEndpoints" name="test_body_composition_protocols_endpoint" time="0.035" /><testcase classname="tests.test_vbt_body_composition.TestBodyCompositionEndpoints" name="test_body_composition_submission_guedes" time="0.048"><failure message="AssertionError: Body fat percentage 60.0 should be reasonable&#10;assert 60.0 &lt;= 40">tests/test_vbt_body_composition.py:187: in test_body_composition_submission_guedes
    assert 3 &lt;= bf_pct &lt;= 40, f"Body fat percentage {bf_pct} should be reasonable"
E   AssertionError: Body fat percentage 60.0 should be reasonable
E   assert 60.0 &lt;= 40</failure></testcase><testcase classname="tests.test_vbt_body_composition.TestBodyCompositionEndpoints" name="test_body_composition_submission_pollock_jackson_7" time="0.037" /><testcase classname="tests.test_vbt_body_composition.TestBodyCompositionEndpoints" name="test_body_composition_athlete_history" time="0.039" /><testcase classname="tests.test_vbt_body_composition.TestAthleteEndpoints" name="test_get_athlete" time="0.038" /><testcase classname="tests.test_vbt_body_composition.TestAthleteEndpoints" name="test_get_athlete_assessments" time="0.041" /><testcase classname="tests.test_vbt_body_composition.TestAuthEndpoints" name="test_login_success" time="0.259" /><testcase classname="tests.test_vbt_body_composition.TestAuthEndpoints" name="test_login_invalid_credentials" time="0.040" /><testcase classname="tests.test_vbt_body_composition.TestAuthEndpoints" name="test_auth_me_endpoint" time="0.038" /></testsuite></testsuites>