<?xml version="1.0" encoding="utf-8"?><testsuites name="pytest tests"><testsuite name="pytest" errors="0" failures="0" skipped="0" tests="19" time="6.392" timestamp="2026-03-14T21:34:12.714050+00:00" hostname="agent-env-e58b9611-8b8a-45b3-9e31-fad1ee58a42e"><testcase classname="backend.tests.test_gps_metric_recalculation.TestGPSCreateTriggersMetricRecalculation" name="test_get_baseline_metrics_before_create" time="0.661" /><testcase classname="backend.tests.test_gps_metric_recalculation.TestGPSCreateTriggersMetricRecalculation" name="test_create_gps_data_returns_200" time="0.069" /><testcase classname="backend.tests.test_gps_metric_recalculation.TestGPSCreateTriggersMetricRecalculation" name="test_metrics_updated_after_gps_create" time="0.561" /><testcase classname="backend.tests.test_gps_metric_recalculation.TestGPSCreateTriggersMetricRecalculation" name="test_metrics_for_new_date_exist" time="0.069" /><testcase classname="backend.tests.test_gps_metric_recalculation.TestGPSDeleteTriggersMetricRecalculation" name="test_get_metrics_before_delete" time="0.060" /><testcase classname="backend.tests.test_gps_metric_recalculation.TestGPSDeleteTriggersMetricRecalculation" name="test_delete_gps_activities_returns_200" time="0.067" /><testcase classname="backend.tests.test_gps_metric_recalculation.TestGPSDeleteTriggersMetricRecalculation" name="test_metrics_cleaned_after_delete" time="0.556" /><testcase classname="backend.tests.test_gps_metric_recalculation.TestGPSDeleteTriggersMetricRecalculation" name="test_dashboard_consistent_after_delete" time="0.067" /><testcase classname="backend.tests.test_gps_metric_recalculation.TestActivityTypeUpdateTriggersRecalculation" name="test_update_activity_type_returns_200" time="0.179" /><testcase classname="backend.tests.test_gps_metric_recalculation.TestActivityTypeUpdateTriggersRecalculation" name="test_metrics_reflect_activity_type_change" time="0.491" /><testcase classname="backend.tests.test_gps_metric_recalculation.TestAthleteDeleteCascade" name="test_create_related_data_for_athlete" time="0.241" /><testcase classname="backend.tests.test_gps_metric_recalculation.TestAthleteDeleteCascade" name="test_delete_athlete_cascade_deletes_related" time="0.908" /><testcase classname="backend.tests.test_gps_metric_recalculation.TestDashboardConsistencyAfterGPSMutations" name="test_dashboard_overview_returns_200" time="0.065" /><testcase classname="backend.tests.test_gps_metric_recalculation.TestDashboardConsistencyAfterGPSMutations" name="test_dashboard_team_returns_200" time="0.061" /><testcase classname="backend.tests.test_gps_metric_recalculation.TestDashboardConsistencyAfterGPSMutations" name="test_create_gps_and_verify_dashboard_updates" time="0.738" /><testcase classname="backend.tests.test_gps_metric_recalculation.TestLiveQueriedDeleteEndpoints" name="test_delete_jump_assessment_endpoint_exists" time="0.059" /><testcase classname="backend.tests.test_gps_metric_recalculation.TestLiveQueriedDeleteEndpoints" name="test_delete_body_composition_endpoint_exists" time="0.061" /><testcase classname="backend.tests.test_gps_metric_recalculation.TestLiveQueriedDeleteEndpoints" name="test_delete_jumps_endpoint_exists" time="0.059" /><testcase classname="backend.tests.test_gps_metric_recalculation.TestEWMAMetricsAfterGPSDelete" name="test_full_create_delete_cycle" time="1.292" /></testsuite></testsuites>