<?xml version="1.0" encoding="utf-8"?><testsuites name="pytest tests"><testsuite name="pytest" errors="0" failures="0" skipped="0" tests="18" time="1.380" timestamp="2026-02-10T19:31:43.610589+00:00" hostname="agent-env-ae88bfdc-d060-41d2-bd0f-2f53106c40a4"><testcase classname="tests.test_csv_import_api.TestCSVImportAPI" name="test_supported_providers_returns_4_manufacturers" time="0.320" /><testcase classname="tests.test_csv_import_api.TestCSVImportAPI" name="test_supported_providers_has_canonical_metrics" time="0.043" /><testcase classname="tests.test_csv_import_api.TestCSVImportAPI" name="test_preview_catapult_csv" time="0.040" /><testcase classname="tests.test_csv_import_api.TestCSVImportAPI" name="test_preview_statsports_csv" time="0.041" /><testcase classname="tests.test_csv_import_api.TestCSVImportAPI" name="test_preview_playertek_csv" time="0.040" /><testcase classname="tests.test_csv_import_api.TestCSVImportAPI" name="test_preview_gpexe_csv_semicolon_delimiter" time="0.036" /><testcase classname="tests.test_csv_import_api.TestCSVImportAPI" name="test_preview_returns_column_mapping" time="0.036" /><testcase classname="tests.test_csv_import_api.TestCSVImportAPI" name="test_preview_empty_csv_error" time="0.036" /><testcase classname="tests.test_csv_import_api.TestCSVImportAPI" name="test_import_catapult_csv" time="0.040" /><testcase classname="tests.test_csv_import_api.TestCSVImportAPI" name="test_import_statsports_csv" time="0.039" /><testcase classname="tests.test_csv_import_api.TestCSVImportAPI" name="test_import_gpexe_csv_european_decimals" time="0.037" /><testcase classname="tests.test_csv_import_api.TestCSVImportAPI" name="test_import_with_provider_override" time="0.039" /><testcase classname="tests.test_csv_import_api.TestCSVImportAPI" name="test_import_invalid_athlete_returns_404" time="0.035" /><testcase classname="tests.test_csv_import_api.TestCSVImportAPI" name="test_imported_records_have_correct_fields" time="0.082" /><testcase classname="tests.test_csv_import_api.TestCSVImportAPI" name="test_max_speed_converted_to_ms" time="0.078" /><testcase classname="tests.test_csv_import_api.TestCSVImportEdgeCases" name="test_preview_without_auth_fails" time="0.032" /><testcase classname="tests.test_csv_import_api.TestCSVImportEdgeCases" name="test_import_without_auth_fails" time="0.036" /><testcase classname="tests.test_csv_import_api.TestCSVImportEdgeCases" name="test_import_invalid_csv_format" time="0.292" /></testsuite></testsuites>