<?xml version="1.0" encoding="utf-8"?><testsuites name="pytest tests"><testsuite name="pytest" errors="0" failures="0" skipped="0" tests="19" time="5.247" timestamp="2026-02-13T14:04:05.497058+00:00" hostname="agent-env-98137213-dc8a-4ee2-8353-4a711134a699"><testcase classname="tests.test_wellness_token.TestWellnessTokenSystem" name="test_create_token_success" time="0.477" /><testcase classname="tests.test_wellness_token.TestWellnessTokenSystem" name="test_create_token_default_values" time="0.054" /><testcase classname="tests.test_wellness_token.TestWellnessTokenSystem" name="test_create_token_invalid_expiry" time="0.055" /><testcase classname="tests.test_wellness_token.TestWellnessTokenSystem" name="test_create_token_requires_auth" time="0.332" /><testcase classname="tests.test_wellness_token.TestWellnessTokenSystem" name="test_validate_token_success" time="0.118" /><testcase classname="tests.test_wellness_token.TestWellnessTokenSystem" name="test_validate_token_case_insensitive" time="0.109" /><testcase classname="tests.test_wellness_token.TestWellnessTokenSystem" name="test_validate_token_not_found" time="0.063" /><testcase classname="tests.test_wellness_token.TestWellnessTokenSystem" name="test_get_athletes_for_token_success" time="0.204" /><testcase classname="tests.test_wellness_token.TestWellnessTokenSystem" name="test_get_athletes_invalid_token" time="0.080" /><testcase classname="tests.test_wellness_token.TestWellnessTokenSystem" name="test_check_athlete_not_used" time="0.173" /><testcase classname="tests.test_wellness_token.TestWellnessTokenSystem" name="test_submit_wellness_via_token_success" time="0.162" /><testcase classname="tests.test_wellness_token.TestWellnessTokenSystem" name="test_submit_wellness_increments_usage" time="0.376" /><testcase classname="tests.test_wellness_token.TestWellnessTokenSystem" name="test_submit_wellness_athlete_cannot_use_twice" time="0.444" /><testcase classname="tests.test_wellness_token.TestWellnessTokenSystem" name="test_submit_wellness_max_uses_exceeded" time="0.560" /><testcase classname="tests.test_wellness_token.TestWellnessTokenSystem" name="test_submit_wellness_invalid_token" time="0.067" /><testcase classname="tests.test_wellness_token.TestWellnessTokenSystem" name="test_submit_wellness_invalid_athlete" time="0.186" /><testcase classname="tests.test_wellness_token.TestTokenExpirationFlow" name="test_token_expiry_options" time="0.848" /><testcase classname="tests.test_wellness_token.TestWellnessFeedback" name="test_feedback_optimal_readiness" time="0.616" /><testcase classname="tests.test_wellness_token.TestWellnessFeedback" name="test_feedback_low_readiness" time="0.234" /></testsuite></testsuites>