<?xml version="1.0" encoding="utf-8"?><testsuites name="pytest tests"><testsuite name="pytest" errors="0" failures="0" skipped="0" tests="14" time="1.221" timestamp="2026-02-07T12:14:27.212906+00:00" hostname="agent-env-6a72dbcf-e1ae-4157-8786-08c4f3dc7f25"><testcase classname="backend.tests.test_api.TestAuthentication" name="test_login_success" time="0.296" /><testcase classname="backend.tests.test_api.TestAuthentication" name="test_login_invalid_credentials" time="0.040" /><testcase classname="backend.tests.test_api.TestAuthentication" name="test_me_endpoint" time="0.296" /><testcase classname="backend.tests.test_api.TestAthletes" name="test_list_athletes" time="0.038" /><testcase classname="backend.tests.test_api.TestAthletes" name="test_get_athlete_by_id" time="0.037" /><testcase classname="backend.tests.test_api.TestAnalysisWithTranslations" name="test_acwr_analysis_english" time="0.037" /><testcase classname="backend.tests.test_api.TestAnalysisWithTranslations" name="test_acwr_analysis_portuguese" time="0.033" /><testcase classname="backend.tests.test_api.TestAnalysisWithTranslations" name="test_fatigue_analysis_english" time="0.038" /><testcase classname="backend.tests.test_api.TestAnalysisWithTranslations" name="test_fatigue_analysis_portuguese" time="0.077" /><testcase classname="backend.tests.test_api.TestAnalysisWithTranslations" name="test_comprehensive_analysis_with_lang" time="0.077" /><testcase classname="backend.tests.test_api.TestAnalysisWithTranslations" name="test_acwr_detailed_with_lang" time="0.042" /><testcase classname="backend.tests.test_api.TestGPSData" name="test_get_athlete_gps_data" time="0.037" /><testcase classname="backend.tests.test_api.TestGPSData" name="test_get_athlete_sessions" time="0.033" /><testcase classname="backend.tests.test_api.TestWellnessData" name="test_get_athlete_wellness" time="0.033" /></testsuite></testsuites>