<?xml version="1.0" encoding="utf-8"?><testsuites name="pytest tests"><testsuite name="pytest" errors="0" failures="0" skipped="0" tests="15" time="8.345" timestamp="2026-03-11T19:25:11.068733+00:00" hostname="agent-env-d1ffd8ce-74a5-4913-a631-d835b02054e7"><testcase classname="backend.tests.test_jump_camera_api.TestJumpCameraAPI" name="test_get_jump_protocols_returns_all_protocols" time="0.582" /><testcase classname="backend.tests.test_jump_camera_api.TestJumpCameraAPI" name="test_get_jump_protocols_has_required_fields" time="0.451" /><testcase classname="backend.tests.test_jump_camera_api.TestJumpCameraAPI" name="test_create_cmj_assessment_with_camera_data" time="0.471" /><testcase classname="backend.tests.test_jump_camera_api.TestJumpCameraAPI" name="test_create_cmj_calculates_jump_height_from_flight_time" time="0.939" /><testcase classname="backend.tests.test_jump_camera_api.TestJumpCameraAPI" name="test_create_dj_assessment" time="0.502" /><testcase classname="backend.tests.test_jump_camera_api.TestJumpCameraAPI" name="test_create_dj_calculates_rsi_correctly" time="0.457" /><testcase classname="backend.tests.test_jump_camera_api.TestJumpCameraAPI" name="test_create_sl_cmj_right_assessment" time="0.452" /><testcase classname="backend.tests.test_jump_camera_api.TestJumpCameraAPI" name="test_create_sl_cmj_left_assessment" time="0.545" /><testcase classname="backend.tests.test_jump_camera_api.TestJumpCameraAPI" name="test_get_athlete_assessments" time="0.448" /><testcase classname="backend.tests.test_jump_camera_api.TestJumpCameraAPI" name="test_get_athlete_assessments_by_protocol" time="0.514" /><testcase classname="backend.tests.test_jump_camera_api.TestJumpCameraAPI" name="test_create_assessment_invalid_athlete" time="0.502" /><testcase classname="backend.tests.test_jump_camera_api.TestJumpCameraAPI" name="test_create_assessment_missing_required_fields" time="0.514" /><testcase classname="backend.tests.test_jump_camera_api.TestJumpCalculations" name="test_rsi_modified_calculation" time="0.915" /><testcase classname="backend.tests.test_jump_camera_api.TestJumpCalculations" name="test_peak_power_calculation" time="0.462" /><testcase classname="backend.tests.test_jump_camera_api.TestJumpCalculations" name="test_peak_velocity_calculation" time="0.515" /></testsuite></testsuites>