<?xml version="1.0" encoding="utf-8"?><testsuites name="pytest tests"><testsuite name="pytest" errors="0" failures="0" skipped="0" tests="6" time="2.396" timestamp="2026-02-07T21:26:19.446104+00:00" hostname="agent-env-fa9d75f5-f575-4c54-abd1-49eb0ca9d257"><testcase classname="tests.test_team_dashboard_bugs.TestTeamDashboardBugFixes" name="test_position_summary_structure" time="0.468" /><testcase classname="tests.test_team_dashboard_bugs.TestTeamDashboardBugFixes" name="test_session_counting_unique_sessions" time="0.400" /><testcase classname="tests.test_team_dashboard_bugs.TestTeamDashboardBugFixes" name="test_position_group_averages_not_individual" time="0.431" /><testcase classname="tests.test_team_dashboard_bugs.TestWellnessColorLogic" name="test_wellness_data_structure" time="0.354" /><testcase classname="tests.test_team_dashboard_bugs.TestDecimalInputForVelocity" name="test_vbt_decimal_velocity_input" time="0.382" /><testcase classname="tests.test_team_dashboard_bugs.TestDecimalInputForVelocity" name="test_strength_assessment_decimal_speed" time="0.295" /></testsuite></testsuites>