<?xml version="1.0" encoding="utf-8"?><testsuites name="pytest tests"><testsuite name="pytest" errors="0" failures="2" skipped="0" tests="10" time="1.879" timestamp="2026-02-11T21:20:41.606512+00:00" hostname="agent-env-3b8a6fef-8872-4c96-8bfe-6286aae61063"><testcase classname="tests.test_peak_values_api.TestPeakValuesAPI" name="test_01_login_success" time="0.539" /><testcase classname="tests.test_peak_values_api.TestPeakValuesAPI" name="test_02_get_peak_values" time="0.298"><failure message="AssertionError: Missing sprints_count&#10;assert 'sprints_count' in {'acc_dec_total': 276, 'athlete_id': '6987d401c9ecb6c01a99f3af', 'coach_id': '6987d368c9ecb6c01a99f377', 'hid_z3': 1380.86, ...}">tests/test_peak_values_api.py:88: in test_02_get_peak_values
    assert "sprints_count" in peak, "Missing sprints_count"
E   AssertionError: Missing sprints_count
E   assert 'sprints_count' in {'acc_dec_total': 276, 'athlete_id': '6987d401c9ecb6c01a99f3af', 'coach_id': '6987d368c9ecb6c01a99f377', 'hid_z3': 1380.86, ...}</failure></testcase><testcase classname="tests.test_peak_values_api.TestPeakValuesAPI" name="test_03_recalculate_peaks" time="0.063" /><testcase classname="tests.test_peak_values_api.TestPeakValuesAPI" name="test_04_verify_peaks_after_recalculate" time="0.043" /><testcase classname="tests.test_peak_values_api.TestPeakValuesAPI" name="test_05_get_calculated_prescriptions" time="0.040" /><testcase classname="tests.test_peak_values_api.TestPeakValuesAPI" name="test_06_get_all_gps_sessions" time="0.039" /><testcase classname="tests.test_peak_values_api.TestPeakValuesAPI" name="test_07_classify_session_all_athletes" time="0.109"><failure message="AssertionError: Failed to revert session type&#10;assert 422 == 200&#10; +  where 422 = &lt;Response [422]&gt;.status_code">tests/test_peak_values_api.py:266: in test_07_classify_session_all_athletes
    assert response.status_code == 200, "Failed to revert session type"
E   AssertionError: Failed to revert session type
E   assert 422 == 200
E    +  where 422 = &lt;Response [422]&gt;.status_code</failure></testcase><testcase classname="tests.test_peak_values_api.TestPeakValuesAPI" name="test_08_get_athletes" time="0.037" /><testcase classname="tests.test_peak_values_api.TestPeakValuesAPI" name="test_09_get_single_athlete_peak_values" time="0.069" /><testcase classname="tests.test_peak_values_api.TestPeakValuesCalculationLogic" name="test_peak_values_match_game_sessions" time="0.299" /></testsuite></testsuites>