<?xml version="1.0" encoding="utf-8"?><testsuites name="pytest tests"><testsuite name="pytest" errors="0" failures="1" skipped="0" tests="19" time="5.433" timestamp="2026-02-13T14:03:46.778118+00:00" hostname="agent-env-98137213-dc8a-4ee2-8353-4a711134a699"><testcase classname="tests.test_wellness_token.TestWellnessTokenSystem" name="test_create_token_success" time="0.617" /><testcase classname="tests.test_wellness_token.TestWellnessTokenSystem" name="test_create_token_default_values" time="0.064" /><testcase classname="tests.test_wellness_token.TestWellnessTokenSystem" name="test_create_token_invalid_expiry" time="0.088" /><testcase classname="tests.test_wellness_token.TestWellnessTokenSystem" name="test_create_token_requires_auth" time="0.095" /><testcase classname="tests.test_wellness_token.TestWellnessTokenSystem" name="test_validate_token_success" time="0.170" /><testcase classname="tests.test_wellness_token.TestWellnessTokenSystem" name="test_validate_token_case_insensitive" time="0.148" /><testcase classname="tests.test_wellness_token.TestWellnessTokenSystem" name="test_validate_token_not_found" time="0.092" /><testcase classname="tests.test_wellness_token.TestWellnessTokenSystem" name="test_get_athletes_for_token_success" time="0.251" /><testcase classname="tests.test_wellness_token.TestWellnessTokenSystem" name="test_get_athletes_invalid_token" time="0.079" /><testcase classname="tests.test_wellness_token.TestWellnessTokenSystem" name="test_check_athlete_not_used" time="0.171" /><testcase classname="tests.test_wellness_token.TestWellnessTokenSystem" name="test_submit_wellness_via_token_success" time="0.142" /><testcase classname="tests.test_wellness_token.TestWellnessTokenSystem" name="test_submit_wellness_increments_usage" time="0.330" /><testcase classname="tests.test_wellness_token.TestWellnessTokenSystem" name="test_submit_wellness_athlete_cannot_use_twice" time="0.364" /><testcase classname="tests.test_wellness_token.TestWellnessTokenSystem" name="test_submit_wellness_max_uses_exceeded" time="0.665"><failure message="AssertionError: assert 'limite' in 'token inativo'&#10; +  where 'token inativo' = &lt;built-in method lower of str object at 0xfbc9363a3070&gt;()&#10; +    where &lt;built-in method lower of str object at 0xfbc9363a3070&gt; = 'Token inativo'.lower&#10; +      where 'Token inativo' = &lt;built-in method get of dict object at 0xfbc9363a2480&gt;('detail', '')&#10; +        where &lt;built-in method get of dict object at 0xfbc9363a2480&gt; = {'detail': 'Token inativo'}.get&#10; +          where {'detail': 'Token inativo'} = json()&#10; +            where json = &lt;Response [400]&gt;.json">tests/test_wellness_token.py:474: in test_submit_wellness_max_uses_exceeded
    assert "limite" in response2.json().get("detail", "").lower()
E   AssertionError: assert 'limite' in 'token inativo'
E    +  where 'token inativo' = &lt;built-in method lower of str object at 0xfbc9363a3070&gt;()
E    +    where &lt;built-in method lower of str object at 0xfbc9363a3070&gt; = 'Token inativo'.lower
E    +      where 'Token inativo' = &lt;built-in method get of dict object at 0xfbc9363a2480&gt;('detail', '')
E    +        where &lt;built-in method get of dict object at 0xfbc9363a2480&gt; = {'detail': 'Token inativo'}.get
E    +          where {'detail': 'Token inativo'} = json()
E    +            where json = &lt;Response [400]&gt;.json</failure></testcase><testcase classname="tests.test_wellness_token.TestWellnessTokenSystem" name="test_submit_wellness_invalid_token" time="0.065" /><testcase classname="tests.test_wellness_token.TestWellnessTokenSystem" name="test_submit_wellness_invalid_athlete" time="0.208" /><testcase classname="tests.test_wellness_token.TestTokenExpirationFlow" name="test_token_expiry_options" time="0.803" /><testcase classname="tests.test_wellness_token.TestWellnessFeedback" name="test_feedback_optimal_readiness" time="0.648" /><testcase classname="tests.test_wellness_token.TestWellnessFeedback" name="test_feedback_low_readiness" time="0.283" /></testsuite></testsuites>