<?xml version="1.0" encoding="utf-8"?><testsuites name="pytest tests"><testsuite name="pytest" errors="0" failures="0" skipped="0" tests="46" time="1.060" timestamp="2026-02-10T19:48:00.986130+00:00" hostname="agent-env-ae88bfdc-d060-41d2-bd0f-2f53106c40a4"><testcase classname="tests.test_gps_import.TestCanonicalMetrics" name="test_total_distance_is_required" time="0.000" /><testcase classname="tests.test_gps_import.TestCanonicalMetrics" name="test_validate_valid_distance" time="0.000" /><testcase classname="tests.test_gps_import.TestCanonicalMetrics" name="test_validate_distance_above_max" time="0.000" /><testcase classname="tests.test_gps_import.TestCanonicalMetrics" name="test_validate_distance_below_min" time="0.000" /><testcase classname="tests.test_gps_import.TestCanonicalMetrics" name="test_validate_unknown_metric" time="0.000" /><testcase classname="tests.test_gps_import.TestCanonicalMetrics" name="test_metric_categories_cover_all" time="0.000" /><testcase classname="tests.test_gps_import.TestManufacturerDetection" name="test_detect_catapult" time="0.000" /><testcase classname="tests.test_gps_import.TestManufacturerDetection" name="test_detect_statsports" time="0.000" /><testcase classname="tests.test_gps_import.TestManufacturerDetection" name="test_detect_playertek_by_name" time="0.000" /><testcase classname="tests.test_gps_import.TestManufacturerDetection" name="test_detect_gpexe" time="0.000" /><testcase classname="tests.test_gps_import.TestManufacturerDetection" name="test_detect_unknown_fallback" time="0.000" /><testcase classname="tests.test_gps_import.TestManufacturerDetection" name="test_build_column_mapping_catapult" time="0.000" /><testcase classname="tests.test_gps_import.TestManufacturerDetection" name="test_build_column_mapping_auto_detect" time="0.000" /><testcase classname="tests.test_gps_import.TestCSVParser" name="test_parse_catapult_csv" time="0.001" /><testcase classname="tests.test_gps_import.TestCSVParser" name="test_parse_statsports_csv" time="0.000" /><testcase classname="tests.test_gps_import.TestCSVParser" name="test_parse_semicolon_delimiter" time="0.000" /><testcase classname="tests.test_gps_import.TestCSVParser" name="test_parse_comma_decimal_european" time="0.000" /><testcase classname="tests.test_gps_import.TestCSVParser" name="test_parse_empty_csv" time="0.000" /><testcase classname="tests.test_gps_import.TestCSVParser" name="test_parse_bom_utf8" time="0.000" /><testcase classname="tests.test_gps_import.TestCSVParser" name="test_rows_with_no_data_still_parsed" time="0.000" /><testcase classname="tests.test_gps_import.TestNormalizer" name="test_basic_normalization" time="0.001" /><testcase classname="tests.test_gps_import.TestNormalizer" name="test_zero_data_row_skipped" time="0.000" /><testcase classname="tests.test_gps_import.TestNormalizer" name="test_hsr_fallback_to_hid" time="0.000" /><testcase classname="tests.test_gps_import.TestNormalizer" name="test_date_parsing_formats" time="0.001" /><testcase classname="tests.test_gps_import.TestNormalizer" name="test_source_and_device_set" time="0.000" /><testcase classname="tests.test_gps_import.TestNormalizer" name="test_none_values_removed" time="0.000" /><testcase classname="tests.test_gps_import.TestConsolidator" name="test_classify_session_total_keyword" time="0.000" /><testcase classname="tests.test_gps_import.TestConsolidator" name="test_classify_period_keyword" time="0.000" /><testcase classname="tests.test_gps_import.TestConsolidator" name="test_classify_ambiguous_defaults_to_period" time="0.000" /><testcase classname="tests.test_gps_import.TestConsolidator" name="test_consolidate_with_session_total_no_duplication" time="0.000" /><testcase classname="tests.test_gps_import.TestConsolidator" name="test_consolidate_session_total_max_speed_from_period" time="0.000" /><testcase classname="tests.test_gps_import.TestConsolidator" name="test_consolidate_periods_only_sums" time="0.000" /><testcase classname="tests.test_gps_import.TestConsolidator" name="test_consolidate_single_record" time="0.000" /><testcase classname="tests.test_gps_import.TestConsolidator" name="test_consolidate_empty" time="0.000" /><testcase classname="tests.test_gps_import.TestConsolidator" name="test_periods_embed_metrics" time="0.000" /><testcase classname="tests.test_consolidation_api.TestConsolidationAPI" name="test_import_session_with_total_no_duplication" time="0.316" /><testcase classname="tests.test_consolidation_api.TestConsolidationAPI" name="test_import_periods_only_sums_correctly" time="0.039" /><testcase classname="tests.test_consolidation_api.TestConsolidationAPI" name="test_import_single_row" time="0.035" /><testcase classname="tests.test_consolidation_api.TestConsolidationAPI" name="test_max_speed_is_maximum_across_all_rows" time="0.038" /><testcase classname="tests.test_consolidation_api.TestConsolidationAPI" name="test_sprints_from_session_total_not_summed" time="0.040" /><testcase classname="tests.test_consolidation_api.TestConsolidationAPI" name="test_preview_with_multi_period_csv" time="0.037" /><testcase classname="tests.test_consolidation_api.TestConsolidationAPI" name="test_supported_providers_returns_4" time="0.073" /><testcase classname="tests.test_consolidation_api.TestConsolidationAPI" name="test_import_response_contains_consolidation_fields" time="0.043" /><testcase classname="tests.test_consolidation_api.TestEdgeCases" name="test_only_session_total_row" time="0.294" /><testcase classname="tests.test_consolidation_api.TestEdgeCases" name="test_multiple_periods_no_total" time="0.039" /><testcase classname="tests.test_consolidation_api.TestEdgeCases" name="test_portuguese_period_names" time="0.037" /></testsuite></testsuites>