<?xml version="1.0" encoding="utf-8"?><testsuites name="pytest tests"><testsuite name="pytest" errors="0" failures="0" skipped="0" tests="17" time="8.996" timestamp="2026-03-14T18:35:13.172938+00:00" hostname="agent-env-29508664-cdb8-4f36-8ec8-d946c79d8fe2"><testcase classname="backend.tests.test_pdf_export_v2.TestPdfExportEndpoint" name="test_pdf_endpoint_returns_200_not_500" time="0.645" /><testcase classname="backend.tests.test_pdf_export_v2.TestPdfExportEndpoint" name="test_pdf_contains_correct_acwr_value" time="1.058" /><testcase classname="backend.tests.test_pdf_export_v2.TestPdfExportEndpoint" name="test_pdf_contains_acute_chronic_values" time="0.435" /><testcase classname="backend.tests.test_pdf_export_v2.TestPdfExportEndpoint" name="test_pdf_contains_monotony_strain_lmpi" time="0.458" /><testcase classname="backend.tests.test_pdf_export_v2.TestPdfExportEndpoint" name="test_pdf_contains_all_5_sections" time="0.498" /><testcase classname="backend.tests.test_pdf_export_v2.TestPdfExportEndpoint" name="test_pdf_has_svg_acwr_gauge" time="0.454" /><testcase classname="backend.tests.test_pdf_export_v2.TestPdfExportEndpoint" name="test_pdf_has_white_background" time="0.534" /><testcase classname="backend.tests.test_pdf_export_v2.TestDateRangeFilters" name="test_date_range_filter[today]" time="0.440" /><testcase classname="backend.tests.test_pdf_export_v2.TestDateRangeFilters" name="test_date_range_filter[yesterday]" time="0.449" /><testcase classname="backend.tests.test_pdf_export_v2.TestDateRangeFilters" name="test_date_range_filter[7d]" time="0.450" /><testcase classname="backend.tests.test_pdf_export_v2.TestDateRangeFilters" name="test_date_range_filter[14d]" time="0.439" /><testcase classname="backend.tests.test_pdf_export_v2.TestDateRangeFilters" name="test_date_range_filter[28d]" time="0.449" /><testcase classname="backend.tests.test_pdf_export_v2.TestDateRangeFilters" name="test_date_range_filter[90d]" time="0.437" /><testcase classname="backend.tests.test_pdf_export_v2.TestAcwrAlignment" name="test_dashboard_overview_acwr_matches_team_dashboard" time="0.563" /><testcase classname="backend.tests.test_pdf_export_v2.TestAcwrAlignment" name="test_athlete_level_acwr_consistency" time="0.557" /><testcase classname="backend.tests.test_pdf_export_v2.TestPdfDataMapping" name="test_pdf_reads_from_summary_key" time="0.609" /><testcase classname="backend.tests.test_pdf_export_v2.TestPdfDataMapping" name="test_pdf_contains_velocity_zones" time="0.445" /></testsuite></testsuites>