<?xml version="1.0" encoding="utf-8"?><testsuites name="pytest tests"><testsuite name="pytest" errors="0" failures="0" skipped="0" tests="11" time="2.260" timestamp="2026-03-16T13:33:10.586673+00:00" hostname="agent-env-d0125ea8-78d2-4ce3-82e0-e1fa31d08a45"><testcase classname="tests.test_csv_analyzer.TestCSVAnalyzeEndpoint" name="test_analyze_catapult_csv" time="0.543" /><testcase classname="tests.test_csv_analyzer.TestCSVAnalyzeEndpoint" name="test_analyze_semicolon_csv" time="0.117" /><testcase classname="tests.test_csv_analyzer.TestCSVImportMappedEndpoint" name="test_import_with_custom_mapping" time="0.106" /><testcase classname="tests.test_csv_analyzer.TestCSVImportMappedEndpoint" name="test_import_without_creating_missing_athletes" time="0.127" /><testcase classname="tests.test_csv_analyzer.TestMappingTemplatesEndpoint" name="test_list_templates_empty" time="0.116" /><testcase classname="tests.test_csv_analyzer.TestMappingTemplatesEndpoint" name="test_create_template" time="0.242" /><testcase classname="tests.test_csv_analyzer.TestMappingTemplatesEndpoint" name="test_delete_template" time="0.326" /><testcase classname="tests.test_csv_analyzer.TestMappingTemplatesEndpoint" name="test_delete_nonexistent_template" time="0.123" /><testcase classname="tests.test_csv_analyzer.TestDashboardRegression" name="test_dashboard_overview" time="0.129" /><testcase classname="tests.test_csv_analyzer.TestDashboardRegression" name="test_dashboard_team" time="0.110" /><testcase classname="tests.test_csv_analyzer.TestCleanup" name="test_cleanup_templates" time="0.238" /></testsuite></testsuites>