<?xml version="1.0" encoding="utf-8"?><testsuites name="pytest tests"><testsuite name="pytest" errors="0" failures="0" skipped="0" tests="17" time="6.528" timestamp="2026-04-17T18:15:03.768745+00:00" hostname="agent-env-190e1494-d4ec-408c-a4be-cb5f3dafca37"><testcase classname="tests.test_modularization.TestAuthEndpoints" name="test_login_success" time="0.382" /><testcase classname="tests.test_modularization.TestAuthEndpoints" name="test_login_invalid_credentials" time="0.108" /><testcase classname="tests.test_modularization.TestAuthEndpoints" name="test_get_me" time="0.469" /><testcase classname="tests.test_modularization.TestAthleteEndpoints" name="test_get_athletes" time="0.443" /><testcase classname="tests.test_modularization.TestDashboardEndpoints" name="test_team_dashboard" time="0.469" /><testcase classname="tests.test_modularization.TestDashboardEndpoints" name="test_team_table" time="0.123" /><testcase classname="tests.test_modularization.TestDashboardEndpoints" name="test_dashboard_overview" time="0.166" /><testcase classname="tests.test_modularization.TestLoadMetricsEndpoints" name="test_team_load_metrics_latest" time="0.442" /><testcase classname="tests.test_modularization.TestAnalysisEndpoints" name="test_team_acwr_analysis" time="0.443" /><testcase classname="tests.test_modularization.TestSubscriptionEndpoints" name="test_subscription_plans" time="0.465" /><testcase classname="tests.test_modularization.TestSubscriptionEndpoints" name="test_subscription_current" time="0.114" /><testcase classname="tests.test_modularization.TestVBTEndpoints" name="test_vbt_providers" time="0.511" /><testcase classname="tests.test_modularization.TestJumpEndpoints" name="test_jump_protocols" time="0.425" /><testcase classname="tests.test_modularization.TestWearablesEndpoints" name="test_wearables_supported" time="0.471" /><testcase classname="tests.test_modularization.TestPeriodizationEndpoints" name="test_periodization_notifications" time="0.482" /><testcase classname="tests.test_modularization.TestAccountEndpoints" name="test_account_deletion_status" time="0.430" /><testcase classname="tests.test_modularization.TestCSVEndpoints" name="test_csv_mapping_templates" time="0.502" /></testsuite></testsuites>