<?xml version="1.0" encoding="utf-8"?><testsuites name="pytest tests"><testsuite name="pytest" errors="0" failures="0" skipped="0" tests="22" time="2.432" timestamp="2026-03-13T00:06:31.425735+00:00" hostname="agent-env-8e4b989b-48df-4d35-8e6b-94f471942e76"><testcase classname="backend.tests.test_jump_protocol_analysis.TestProtocolAnalysisEndpoint" name="test_01_endpoint_exists_and_returns_200" time="0.659" /><testcase classname="backend.tests.test_jump_protocol_analysis.TestProtocolAnalysisEndpoint" name="test_02_protocol_filter_cmj" time="0.064" /><testcase classname="backend.tests.test_jump_protocol_analysis.TestProtocolAnalysisEndpoint" name="test_03_protocol_filter_dj" time="0.061" /><testcase classname="backend.tests.test_jump_protocol_analysis.TestProtocolAnalysisEndpoint" name="test_04_protocol_filter_sl_cmj" time="0.112" /><testcase classname="backend.tests.test_jump_protocol_analysis.TestProtocolAnalysisEndpoint" name="test_05_available_dates_returned" time="0.057" /><testcase classname="backend.tests.test_jump_protocol_analysis.TestProtocolAnalysisEndpoint" name="test_06_date_filter_changes_metrics" time="0.181" /><testcase classname="backend.tests.test_jump_protocol_analysis.TestProtocolAnalysisEndpoint" name="test_07_protocol_isolation" time="0.132" /><testcase classname="backend.tests.test_jump_protocol_analysis.TestFatigueIndexCalculation" name="test_08_fatigue_index_structure" time="0.059" /><testcase classname="backend.tests.test_jump_protocol_analysis.TestFatigueIndexCalculation" name="test_09_fatigue_index_metric_label_cmj" time="0.059" /><testcase classname="backend.tests.test_jump_protocol_analysis.TestFatigueIndexCalculation" name="test_10_fatigue_index_metric_label_dj" time="0.064" /><testcase classname="backend.tests.test_jump_protocol_analysis.TestFatigueIndexCalculation" name="test_11_fatigue_index_classification_bands" time="0.064" /><testcase classname="backend.tests.test_jump_protocol_analysis.TestRSIGaugeLabels" name="test_12_cmj_returns_metrics_for_rsimod" time="0.058" /><testcase classname="backend.tests.test_jump_protocol_analysis.TestRSIGaugeLabels" name="test_13_dj_returns_metrics_for_rsi_classic" time="0.054" /><testcase classname="backend.tests.test_jump_protocol_analysis.TestExistingAssessmentEndpoint" name="test_14_assessment_endpoint_exists" time="0.087" /><testcase classname="backend.tests.test_jump_protocol_analysis.TestExistingAssessmentEndpoint" name="test_15_assessment_calculates_rsi_for_cmj" time="0.075" /><testcase classname="backend.tests.test_jump_protocol_analysis.TestExistingAssessmentEndpoint" name="test_16_assessment_calculates_rsi_for_dj" time="0.061" /><testcase classname="backend.tests.test_jump_protocol_analysis.TestResponseStructure" name="test_17_full_response_structure" time="0.061" /><testcase classname="backend.tests.test_jump_protocol_analysis.TestResponseStructure" name="test_18_metrics_structure_when_data_exists" time="0.065" /><testcase classname="backend.tests.test_jump_protocol_analysis.TestResponseStructure" name="test_19_history_array_structure" time="0.069" /><testcase classname="backend.tests.test_jump_protocol_analysis.TestEdgeCases" name="test_20_invalid_athlete_id_returns_404" time="0.054" /><testcase classname="backend.tests.test_jump_protocol_analysis.TestEdgeCases" name="test_21_empty_protocol_defaults_to_cmj" time="0.062" /><testcase classname="backend.tests.test_jump_protocol_analysis.TestEdgeCases" name="test_22_no_data_response_structure" time="0.068" /></testsuite></testsuites>