<?xml version="1.0" encoding="utf-8"?><testsuites name="pytest tests"><testsuite name="pytest" errors="0" failures="0" skipped="0" tests="9" time="18.283" timestamp="2026-03-12T12:53:12.652468+00:00" hostname="agent-env-d1ffd8ce-74a5-4913-a631-d835b02054e7"><testcase classname="tests.test_jump_rsi_ttt_fix.TestCMJRSIUsesTimeToTakeoff" name="test_cmj_with_time_to_takeoff_calculates_rsimod" time="0.595" /><testcase classname="tests.test_jump_rsi_ttt_fix.TestCMJRSIUsesTimeToTakeoff" name="test_cmj_rsi_is_zero_without_time_to_takeoff" time="0.053" /><testcase classname="tests.test_jump_rsi_ttt_fix.TestSLCMJPersistence" name="test_sl_cmj_left_saves_with_time_to_takeoff" time="0.060" /><testcase classname="tests.test_jump_rsi_ttt_fix.TestSLCMJPersistence" name="test_sl_cmj_right_saves_with_time_to_takeoff" time="0.058" /><testcase classname="tests.test_jump_rsi_ttt_fix.TestDJStillUsesContactTime" name="test_dj_rsi_uses_contact_time_not_time_to_takeoff" time="0.066" /><testcase classname="tests.test_jump_rsi_ttt_fix.TestAnalysisEndpointReturnsNewFields" name="test_analysis_returns_sl_cmj_data" time="6.359" /><testcase classname="tests.test_jump_rsi_ttt_fix.TestAnalysisEndpointReturnsNewFields" name="test_analysis_returns_cmj_with_new_fields" time="4.851" /><testcase classname="tests.test_jump_rsi_ttt_fix.TestAsymmetryCalculation" name="test_asymmetry_data_when_both_legs_exist" time="6.129" /><testcase classname="tests.test_jump_rsi_ttt_fix.TestVBTIsolation" name="test_vbt_endpoints_still_work" time="0.052" /></testsuite></testsuites>