<?xml version="1.0" encoding="utf-8"?><testsuites name="pytest tests"><testsuite name="pytest" errors="0" failures="0" skipped="0" tests="9" time="1.081" timestamp="2026-02-09T23:50:14.682019+00:00" hostname="agent-env-14d3cdb3-3089-4c66-9e18-3468367f7079"><testcase classname="backend.tests.test_gps_session_classifier.TestGPSActivityTypeEndpoint" name="test_update_activity_type_to_game" time="0.530" /><testcase classname="backend.tests.test_gps_session_classifier.TestGPSActivityTypeEndpoint" name="test_update_activity_type_to_training" time="0.037" /><testcase classname="backend.tests.test_gps_session_classifier.TestGPSActivityTypeEndpoint" name="test_invalid_activity_type_rejected" time="0.035" /><testcase classname="backend.tests.test_gps_session_classifier.TestGPSActivityTypeEndpoint" name="test_nonexistent_session_returns_404" time="0.037" /><testcase classname="backend.tests.test_gps_session_classifier.TestGPSDataActivityTypeField" name="test_activity_type_included_in_response" time="0.037" /><testcase classname="backend.tests.test_gps_session_classifier.TestGPSDataActivityTypeField" name="test_activity_type_persists_after_update" time="0.084" /><testcase classname="backend.tests.test_gps_session_classifier.TestGPSSessionCounting" name="test_sessions_endpoint_returns_grouped_data" time="0.038" /><testcase classname="backend.tests.test_gps_session_classifier.TestGPSSessionCounting" name="test_session_count_less_than_record_count" time="0.073" /><testcase classname="backend.tests.test_gps_session_classifier.TestGPSDataModel" name="test_gps_data_has_required_fields" time="0.038" /></testsuite></testsuites>