<?xml version="1.0" encoding="utf-8"?><testsuites name="pytest tests"><testsuite name="pytest" errors="0" failures="2" skipped="0" tests="18" time="2.855" timestamp="2026-02-10T19:31:24.038285+00:00" hostname="agent-env-ae88bfdc-d060-41d2-bd0f-2f53106c40a4"><testcase classname="tests.test_csv_import_api.TestCSVImportAPI" name="test_supported_providers_returns_4_manufacturers" time="0.341" /><testcase classname="tests.test_csv_import_api.TestCSVImportAPI" name="test_supported_providers_has_canonical_metrics" time="0.035"><failure message="AssertionError: Missing category: work_load&#10;assert 'work_load' in {'acceleration': ['max_acceleration_ms2', 'max_deceleration_ms2'], 'distance': ['total_distance_m', 'high_intensity_distance_m', 'high_speed_running_m', 'sprint_distance_m'], 'efforts': ['number_of_sprints', 'accelerations_count', 'decelerations_count', 'high_intensity_efforts'], 'load': ['player_load', 'player_load_per_minute', 'metabolic_power_avg', 'dynamic_stress_load'], ...}">tests/test_csv_import_api.py:77: in test_supported_providers_has_canonical_metrics
    assert category in metrics, f"Missing category: {category}"
E   AssertionError: Missing category: work_load
E   assert 'work_load' in {'acceleration': ['max_acceleration_ms2', 'max_deceleration_ms2'], 'distance': ['total_distance_m', 'high_intensity_distance_m', 'high_speed_running_m', 'sprint_distance_m'], 'efforts': ['number_of_sprints', 'accelerations_count', 'decelerations_count', 'high_intensity_efforts'], 'load': ['player_load', 'player_load_per_minute', 'metabolic_power_avg', 'dynamic_stress_load'], ...}</failure></testcase><testcase classname="tests.test_csv_import_api.TestCSVImportAPI" name="test_preview_catapult_csv" time="0.043" /><testcase classname="tests.test_csv_import_api.TestCSVImportAPI" name="test_preview_statsports_csv" time="0.042" /><testcase classname="tests.test_csv_import_api.TestCSVImportAPI" name="test_preview_playertek_csv" time="0.326" /><testcase classname="tests.test_csv_import_api.TestCSVImportAPI" name="test_preview_gpexe_csv_semicolon_delimiter" time="0.040" /><testcase classname="tests.test_csv_import_api.TestCSVImportAPI" name="test_preview_returns_column_mapping" time="0.044" /><testcase classname="tests.test_csv_import_api.TestCSVImportAPI" name="test_preview_empty_csv_error" time="0.037" /><testcase classname="tests.test_csv_import_api.TestCSVImportAPI" name="test_import_catapult_csv" time="0.042" /><testcase classname="tests.test_csv_import_api.TestCSVImportAPI" name="test_import_statsports_csv" time="1.098" /><testcase classname="tests.test_csv_import_api.TestCSVImportAPI" name="test_import_gpexe_csv_european_decimals" time="0.038" /><testcase classname="tests.test_csv_import_api.TestCSVImportAPI" name="test_import_with_provider_override" time="0.045" /><testcase classname="tests.test_csv_import_api.TestCSVImportAPI" name="test_import_invalid_athlete_returns_404" time="0.035" /><testcase classname="tests.test_csv_import_api.TestCSVImportAPI" name="test_imported_records_have_correct_fields" time="0.082"><failure message="AttributeError: 'NoneType' object has no attribute 'lower'">tests/test_csv_import_api.py:330: in test_imported_records_have_correct_fields
    imported_records = [r for r in records if r.get("session_id") == session_id or "catapult" in r.get("source", "").lower()]
                       ^^^^^^^^^^^^^^^^^^^^^^^^^^^^^^^^^^^^^^^^^^^^^^^^^^^^^^^^^^^^^^^^^^^^^^^^^^^^^^^^^^^^^^^^^^^^^^^^^^^^^^
tests/test_csv_import_api.py:330: in &lt;listcomp&gt;
    imported_records = [r for r in records if r.get("session_id") == session_id or "catapult" in r.get("source", "").lower()]
                                                                                                 ^^^^^^^^^^^^^^^^^^^^^^^^^
E   AttributeError: 'NoneType' object has no attribute 'lower'</failure></testcase><testcase classname="tests.test_csv_import_api.TestCSVImportAPI" name="test_max_speed_converted_to_ms" time="0.089" /><testcase classname="tests.test_csv_import_api.TestCSVImportEdgeCases" name="test_preview_without_auth_fails" time="0.036" /><testcase classname="tests.test_csv_import_api.TestCSVImportEdgeCases" name="test_import_without_auth_fails" time="0.037" /><testcase classname="tests.test_csv_import_api.TestCSVImportEdgeCases" name="test_import_invalid_csv_format" time="0.290" /></testsuite></testsuites>