<?xml version="1.0" encoding="utf-8"?><testsuites name="pytest tests"><testsuite name="pytest" errors="0" failures="0" skipped="0" tests="12" time="14.028" timestamp="2026-02-07T15:04:27.581555+00:00" hostname="agent-env-d44b9953-2aa2-4841-9eeb-45744123c654"><testcase classname="tests.test_team_dashboard.TestTeamDashboard" name="test_team_dashboard_returns_stats" time="0.336" /><testcase classname="tests.test_team_dashboard.TestTeamDashboard" name="test_team_dashboard_returns_athletes_list" time="0.303" /><testcase classname="tests.test_team_dashboard.TestTeamDashboard" name="test_team_dashboard_returns_risk_distribution" time="0.333" /><testcase classname="tests.test_team_dashboard.TestTeamDashboard" name="test_team_dashboard_returns_alerts" time="0.292" /><testcase classname="tests.test_team_dashboard.TestTeamDashboard" name="test_team_dashboard_english_language" time="0.295" /><testcase classname="tests.test_team_dashboard.TestStrengthAnalysisFatigueIndex" name="test_strength_analysis_returns_fatigue_index" time="3.359" /><testcase classname="tests.test_team_dashboard.TestStrengthAnalysisFatigueIndex" name="test_fatigue_index_auto_calculation_power_drop_30_percent" time="2.572" /><testcase classname="tests.test_team_dashboard.TestStrengthAnalysisFatigueIndex" name="test_strength_analysis_returns_metrics" time="3.061" /><testcase classname="tests.test_team_dashboard.TestStrengthAnalysisFatigueIndex" name="test_strength_analysis_returns_recommendations" time="3.222" /><testcase classname="tests.test_team_dashboard.TestSubscriptionPlans" name="test_subscription_plans_br_region" time="0.038" /><testcase classname="tests.test_team_dashboard.TestSubscriptionPlans" name="test_subscription_plans_us_region" time="0.039" /><testcase classname="tests.test_team_dashboard.TestSubscriptionPlans" name="test_subscription_plans_features" time="0.038" /></testsuite></testsuites>