<?xml version="1.0" encoding="utf-8"?><testsuites name="pytest tests"><testsuite name="pytest" errors="0" failures="0" skipped="0" tests="15" time="5.755" timestamp="2026-03-14T15:01:08.870805+00:00" hostname="agent-env-9f6dab06-3c04-45a5-a67c-cf74fe225456"><testcase classname="backend.tests.test_acwr_ewma_fix.TestACWREWMAFix" name="test_team_dashboard_acwr_not_stuck_at_4" time="0.424" /><testcase classname="backend.tests.test_acwr_ewma_fix.TestACWREWMAFix" name="test_acwr_equals_1_for_single_day_data" time="0.405" /><testcase classname="backend.tests.test_acwr_ewma_fix.TestACWREWMAFix" name="test_athletes_without_gps_have_null_acwr_and_unknown_risk" time="0.386" /><testcase classname="backend.tests.test_acwr_ewma_fix.TestACWREWMAFix" name="test_team_avg_acwr_excludes_null_values" time="0.413" /><testcase classname="backend.tests.test_acwr_ewma_fix.TestACWREWMAFix" name="test_risk_distribution_categorization" time="0.391" /><testcase classname="backend.tests.test_acwr_ewma_fix.TestACWREWMAFix" name="test_all_acwr_metrics_work[total_distance]" time="0.399" /><testcase classname="backend.tests.test_acwr_ewma_fix.TestACWREWMAFix" name="test_all_acwr_metrics_work[high_intensity_distance]" time="0.404" /><testcase classname="backend.tests.test_acwr_ewma_fix.TestACWREWMAFix" name="test_all_acwr_metrics_work[high_speed_running]" time="0.379" /><testcase classname="backend.tests.test_acwr_ewma_fix.TestACWREWMAFix" name="test_all_acwr_metrics_work[sprint_distance]" time="0.393" /><testcase classname="backend.tests.test_acwr_ewma_fix.TestACWREWMAFix" name="test_all_acwr_metrics_work[number_of_sprints]" time="0.390" /><testcase classname="backend.tests.test_acwr_ewma_fix.TestACWREWMAFix" name="test_all_acwr_metrics_work[acc_dec]" time="0.395" /><testcase classname="backend.tests.test_acwr_ewma_fix.TestACWREWMAFix" name="test_load_metrics_team_latest_consistency" time="0.376" /><testcase classname="backend.tests.test_acwr_ewma_fix.TestBackendStartup" name="test_backend_health" time="0.217" /><testcase classname="backend.tests.test_acwr_ewma_fix.TestBackendStartup" name="test_login_endpoint_available" time="0.323" /><testcase classname="backend.tests.test_acwr_ewma_fix.TestAthleteLoadMetricsCollection" name="test_individual_athlete_load_metrics" time="0.390" /></testsuite></testsuites>