<?xml version="1.0" encoding="utf-8"?><testsuites name="pytest tests"><testsuite name="pytest" errors="0" failures="0" skipped="0" tests="17" time="2.783" timestamp="2026-02-07T14:08:03.819196+00:00" hostname="agent-env-d44b9953-2aa2-4841-9eeb-45744123c654"><testcase classname="backend.tests.test_subscription.TestSubscriptionPlans" name="test_plans_br_region_returns_brl_prices" time="0.080" /><testcase classname="backend.tests.test_subscription.TestSubscriptionPlans" name="test_plans_us_region_returns_usd_prices" time="0.042" /><testcase classname="backend.tests.test_subscription.TestSubscriptionPlans" name="test_plans_have_required_fields" time="0.037" /><testcase classname="backend.tests.test_subscription.TestSubscriptionPlans" name="test_plans_features_list_in_portuguese" time="0.048" /><testcase classname="backend.tests.test_subscription.TestSubscriptionPlans" name="test_plans_features_list_in_english" time="0.048" /><testcase classname="backend.tests.test_subscription.TestCurrentSubscription" name="test_current_subscription_requires_auth" time="0.047" /><testcase classname="backend.tests.test_subscription.TestCurrentSubscription" name="test_current_subscription_returns_valid_data" time="0.326" /><testcase classname="backend.tests.test_subscription.TestCurrentSubscription" name="test_trial_subscription_has_days_remaining" time="0.362" /><testcase classname="backend.tests.test_subscription.TestSubscribeEndpoint" name="test_subscribe_requires_auth" time="0.036" /><testcase classname="backend.tests.test_subscription.TestSubscribeEndpoint" name="test_subscribe_to_essencial_plan" time="0.348" /><testcase classname="backend.tests.test_subscription.TestSubscribeEndpoint" name="test_subscribe_to_profissional_plan" time="0.330" /><testcase classname="backend.tests.test_subscription.TestSubscribeEndpoint" name="test_subscribe_to_elite_plan" time="0.349" /><testcase classname="backend.tests.test_subscription.TestCancelSubscription" name="test_cancel_requires_auth" time="0.074" /><testcase classname="backend.tests.test_subscription.TestCancelSubscription" name="test_cancel_subscription" time="0.387" /><testcase classname="backend.tests.test_subscription.TestPlanLimits" name="test_essencial_plan_limits" time="0.036" /><testcase classname="backend.tests.test_subscription.TestPlanLimits" name="test_profissional_plan_limits" time="0.043" /><testcase classname="backend.tests.test_subscription.TestPlanLimits" name="test_elite_plan_limits" time="0.046" /></testsuite></testsuites>