<?xml version="1.0" encoding="utf-8"?><testsuites name="pytest tests"><testsuite name="pytest" errors="0" failures="0" skipped="0" tests="8" time="3.740" timestamp="2026-02-13T20:21:59.632319+00:00" hostname="agent-env-4fdc2a5e-fe08-4723-a158-b2669415b9a9"><testcase classname="backend.tests.test_vbt_camera.TestVBTProvidersEndpoint" name="test_vbt_providers_returns_success" time="0.403" /><testcase classname="backend.tests.test_vbt_camera.TestVBTProvidersEndpoint" name="test_vbt_providers_includes_camera" time="0.120" /><testcase classname="backend.tests.test_vbt_camera.TestVBTProvidersEndpoint" name="test_camera_provider_has_correct_details" time="1.159" /><testcase classname="backend.tests.test_vbt_camera.TestVBTDataEndpoint" name="test_vbt_data_accepts_camera_provider" time="1.049" /><testcase classname="backend.tests.test_vbt_camera.TestVBTDataEndpoint" name="test_vbt_data_rejects_invalid_provider" time="0.124" /><testcase classname="backend.tests.test_vbt_camera.TestVBTDataEndpoint" name="test_vbt_data_manual_provider_still_works" time="0.156" /><testcase classname="backend.tests.test_vbt_camera.TestCoachLogin" name="test_coach_login_success" time="0.385" /><testcase classname="backend.tests.test_vbt_camera.TestAthletesEndpoint" name="test_athletes_list_after_login" time="0.170" /></testsuite></testsuites>