<?xml version="1.0" encoding="utf-8"?><testsuites name="pytest tests"><testsuite name="pytest" errors="0" failures="1" skipped="0" tests="13" time="2.909" timestamp="2026-03-13T18:44:15.436407+00:00" hostname="agent-env-3b29ca08-f70c-4e38-ace0-cc28545fd31a"><testcase classname="backend.tests.test_v28_features.TestGPSDeleteActivities" name="test_delete_activities_endpoint_exists" time="0.500" /><testcase classname="backend.tests.test_v28_features.TestGPSDeleteActivities" name="test_delete_nonexistent_session" time="0.132" /><testcase classname="backend.tests.test_v28_features.TestScientificAnalysisSessionCount" name="test_scientific_analysis_endpoint" time="0.234" /><testcase classname="backend.tests.test_v28_features.TestJumpProtocolAnalysis" name="test_protocol_analysis_cmj" time="0.206" /><testcase classname="backend.tests.test_v28_features.TestJumpProtocolAnalysis" name="test_protocol_analysis_sl_cmj_left" time="0.214" /><testcase classname="backend.tests.test_v28_features.TestJumpProtocolAnalysis" name="test_protocol_analysis_dj" time="0.150" /><testcase classname="backend.tests.test_v28_features.TestJumpAssessmentDeletion" name="test_delete_nonexistent_assessment" time="0.268" /><testcase classname="backend.tests.test_v28_features.TestJumpAssessmentDeletion" name="test_delete_invalid_id" time="0.149" /><testcase classname="backend.tests.test_v28_features.TestAthleteGPSSessions" name="test_get_athlete_sessions" time="0.123"><failure message="assert 500 == 200&#10; +  where 500 = &lt;Response [500]&gt;.status_code">../backend/tests/test_v28_features.py:205: in test_get_athlete_sessions
    assert response.status_code == 200
E   assert 500 == 200
E    +  where 500 = &lt;Response [500]&gt;.status_code</failure></testcase><testcase classname="backend.tests.test_v28_features.TestWellnessEndpoint" name="test_wellness_athlete_endpoint" time="0.161" /><testcase classname="backend.tests.test_v28_features.TestAuthentication" name="test_login_success" time="0.407" /><testcase classname="backend.tests.test_v28_features.TestAuthentication" name="test_login_invalid_credentials" time="0.120" /><testcase classname="backend.tests.test_v28_features.TestAthletesCRUD" name="test_get_athletes" time="0.175" /></testsuite></testsuites>