<?xml version="1.0" encoding="utf-8"?><testsuites name="pytest tests"><testsuite name="pytest" errors="0" failures="0" skipped="0" tests="12" time="13.003" timestamp="2026-02-07T12:39:10.225099+00:00" hostname="agent-env-6a72dbcf-e1ae-4157-8786-08c4f3dc7f25"><testcase classname="backend.tests.test_p1_features.TestGPSDataAPI" name="test_gps_data_returns_sessions" time="0.343" /><testcase classname="backend.tests.test_p1_features.TestGPSDataAPI" name="test_gps_data_structure" time="0.038" /><testcase classname="backend.tests.test_p1_features.TestWellnessAPI" name="test_wellness_returns_data" time="0.042" /><testcase classname="backend.tests.test_p1_features.TestWellnessAPI" name="test_wellness_score_calculation" time="0.038" /><testcase classname="backend.tests.test_p1_features.TestAssessmentsAPI" name="test_assessments_returns_data" time="0.037" /><testcase classname="backend.tests.test_p1_features.TestAssessmentsAPI" name="test_strength_assessments_exist" time="0.039" /><testcase classname="backend.tests.test_p1_features.TestAssessmentsAPI" name="test_strength_assessment_metrics" time="0.038" /><testcase classname="backend.tests.test_p1_features.TestStrengthAnalysisAPI" name="test_strength_analysis_endpoint" time="1.970" /><testcase classname="backend.tests.test_p1_features.TestStrengthAnalysisAPI" name="test_peripheral_fatigue_detection" time="5.300" /><testcase classname="backend.tests.test_p1_features.TestStrengthAnalysisAPI" name="test_strength_analysis_portuguese" time="3.425" /><testcase classname="backend.tests.test_p1_features.TestStrengthAnalysisAPI" name="test_strength_analysis_metrics_comparison" time="1.609" /><testcase classname="backend.tests.test_p1_features.TestHistoricalEvolution" name="test_multiple_strength_dates" time="0.056" /></testsuite></testsuites>