<?xml version="1.0" encoding="utf-8"?><testsuites name="pytest tests"><testsuite name="pytest" errors="0" failures="0" skipped="0" tests="8" time="2.351" timestamp="2026-02-13T19:53:11.646539+00:00" hostname="agent-env-3d5884a4-f734-4d45-b75a-c17792b68e1d"><testcase classname="backend.tests.test_vbt_camera.TestVBTProvidersEndpoint" name="test_vbt_providers_returns_success" time="0.238" /><testcase classname="backend.tests.test_vbt_camera.TestVBTProvidersEndpoint" name="test_vbt_providers_includes_camera" time="0.243" /><testcase classname="backend.tests.test_vbt_camera.TestVBTProvidersEndpoint" name="test_camera_provider_has_correct_details" time="0.152" /><testcase classname="backend.tests.test_vbt_camera.TestVBTDataEndpoint" name="test_vbt_data_accepts_camera_provider" time="0.643" /><testcase classname="backend.tests.test_vbt_camera.TestVBTDataEndpoint" name="test_vbt_data_rejects_invalid_provider" time="0.260" /><testcase classname="backend.tests.test_vbt_camera.TestVBTDataEndpoint" name="test_vbt_data_manual_provider_still_works" time="0.149" /><testcase classname="backend.tests.test_vbt_camera.TestCoachLogin" name="test_coach_login_success" time="0.410" /><testcase classname="backend.tests.test_vbt_camera.TestAthletesEndpoint" name="test_athletes_list_after_login" time="0.151" /></testsuite></testsuites>