<?xml version="1.0" encoding="utf-8"?><testsuites name="pytest tests"><testsuite name="pytest" errors="0" failures="1" skipped="0" tests="9" time="2.971" timestamp="2026-02-07T17:39:41.758993+00:00" hostname="agent-env-f63577d0-0c92-4725-bdb5-9cb6976af0ec"><testcase classname="backend.tests.test_body_composition.TestBodyCompositionAPI" name="test_get_protocols" time="0.317" /><testcase classname="backend.tests.test_body_composition.TestBodyCompositionAPI" name="test_create_body_composition_guedes_male" time="0.297" /><testcase classname="backend.tests.test_body_composition.TestBodyCompositionAPI" name="test_create_body_composition_pollock_jackson_7" time="0.309" /><testcase classname="backend.tests.test_body_composition.TestBodyCompositionAPI" name="test_create_body_composition_faulkner_4" time="0.299" /><testcase classname="backend.tests.test_body_composition.TestBodyCompositionAPI" name="test_get_athlete_body_compositions" time="0.297" /><testcase classname="backend.tests.test_body_composition.TestBodyCompositionAPI" name="test_delete_body_composition" time="0.299"><failure message="AssertionError: Expected 200, got 520&#10;assert 520 == 200&#10; +  where 520 = &lt;Response [520]&gt;.status_code">backend/tests/test_body_composition.py:284: in test_delete_body_composition
    assert delete_response.status_code == 200, f"Expected 200, got {delete_response.status_code}"
E   AssertionError: Expected 200, got 520
E   assert 520 == 200
E    +  where 520 = &lt;Response [520]&gt;.status_code</failure></testcase><testcase classname="backend.tests.test_body_composition.TestBodyCompositionAPI" name="test_bmi_classification" time="0.348" /><testcase classname="backend.tests.test_body_composition.TestBodyCompositionAPI" name="test_invalid_athlete_id" time="0.337" /><testcase classname="backend.tests.test_body_composition.TestBodyCompositionCalculations" name="test_lean_mass_fat_mass_sum" time="0.308" /></testsuite></testsuites>