<?xml version="1.0" encoding="utf-8"?><testsuites name="pytest tests"><testsuite name="pytest" errors="0" failures="0" skipped="0" tests="16" time="3.477" timestamp="2026-03-14T22:31:13.992675+00:00" hostname="agent-env-e58b9611-8b8a-45b3-9e31-fad1ee58a42e"><testcase classname="backend.tests.test_dashboard_stale_data_fix.TestDashboardStaleDataFix" name="test_01_get_baseline_overview" time="0.673" /><testcase classname="backend.tests.test_dashboard_stale_data_fix.TestDashboardStaleDataFix" name="test_02_get_baseline_team_dashboard" time="0.145" /><testcase classname="backend.tests.test_dashboard_stale_data_fix.TestDashboardStaleDataFix" name="test_03_create_gps_data" time="0.195" /><testcase classname="backend.tests.test_dashboard_stale_data_fix.TestDashboardStaleDataFix" name="test_04_verify_overview_updated_after_create" time="0.643" /><testcase classname="backend.tests.test_dashboard_stale_data_fix.TestDashboardStaleDataFix" name="test_05_verify_team_dashboard_updated" time="0.163" /><testcase classname="backend.tests.test_dashboard_stale_data_fix.TestDashboardStaleDataFix" name="test_06_delete_gps_data" time="0.131" /><testcase classname="backend.tests.test_dashboard_stale_data_fix.TestDashboardStaleDataFix" name="test_07_verify_overview_reverted_after_delete" time="0.636" /><testcase classname="backend.tests.test_dashboard_stale_data_fix.TestDashboardStaleDataFix" name="test_08_verify_team_dashboard_reverted" time="0.161" /><testcase classname="backend.tests.test_dashboard_stale_data_fix.TestDashboardConsistency" name="test_01_overview_and_team_consistent_acwr" time="0.282" /><testcase classname="backend.tests.test_dashboard_stale_data_fix.TestDashboardConsistency" name="test_02_overview_summary_has_required_fields" time="0.160" /><testcase classname="backend.tests.test_dashboard_stale_data_fix.TestDashboardConsistency" name="test_03_team_dashboard_stats_has_required_fields" time="0.157" /><testcase classname="backend.tests.test_dashboard_stale_data_fix.TestFrontendUseFocusEffect" name="test_data_tsx_has_useFocusEffect_import" time="0.000" /><testcase classname="backend.tests.test_dashboard_stale_data_fix.TestFrontendUseFocusEffect" name="test_data_tsx_uses_useFocusEffect_for_refetch" time="0.000" /><testcase classname="backend.tests.test_dashboard_stale_data_fix.TestFrontendUseFocusEffect" name="test_team_tsx_has_useFocusEffect_import" time="0.000" /><testcase classname="backend.tests.test_dashboard_stale_data_fix.TestFrontendUseFocusEffect" name="test_team_tsx_uses_useFocusEffect_for_refetch" time="0.000" /><testcase classname="backend.tests.test_dashboard_stale_data_fix.TestFrontendUseFocusEffect" name="test_layout_tsx_no_custom_staleTime" time="0.000" /></testsuite></testsuites>