<?xml version="1.0" encoding="utf-8"?><testsuites name="pytest tests"><testsuite name="pytest" errors="0" failures="0" skipped="0" tests="5" time="13.885" timestamp="2026-03-12T12:36:01.858915+00:00" hostname="agent-env-d1ffd8ce-74a5-4913-a631-d835b02054e7"><testcase classname="tests.test_cmj_rsi_bugfix.TestCMJContactTimeZeroBugFix" name="test_cmj_assessment_with_contact_time_zero_saves_without_error" time="0.781" /><testcase classname="tests.test_cmj_rsi_bugfix.TestCMJContactTimeZeroBugFix" name="test_cmj_rsi_is_zero_when_contact_time_is_zero" time="6.469" /><testcase classname="tests.test_cmj_rsi_bugfix.TestDropJumpStillUsesContactTime" name="test_dj_assessment_with_contact_time_calculates_rsi" time="0.048" /><testcase classname="tests.test_cmj_rsi_bugfix.TestJumpAnalysisEndpoint" name="test_analysis_endpoint_returns_data" time="6.490" /><testcase classname="tests.test_cmj_rsi_bugfix.TestJumpProtocolsEndpoint" name="test_get_protocols" time="0.050" /></testsuite></testsuites>