<?xml version="1.0" encoding="utf-8"?><testsuites name="pytest tests"><testsuite name="pytest" errors="0" failures="0" skipped="0" tests="15" time="2.825" timestamp="2026-03-14T18:25:24.893720+00:00" hostname="agent-env-29508664-cdb8-4f36-8ec8-d946c79d8fe2"><testcase classname="tests.test_acwr_alignment.TestACWRAlignment" name="test_01_team_dashboard_acwr_for_joao_silva" time="0.512" /><testcase classname="tests.test_acwr_alignment.TestACWRAlignment" name="test_02_dashboard_overview_acwr_for_joao_silva" time="0.155" /><testcase classname="tests.test_acwr_alignment.TestACWRAlignment" name="test_03_both_endpoints_return_same_team_acwr" time="0.298" /><testcase classname="tests.test_acwr_alignment.TestACWRAlignment" name="test_04_dashboard_overview_ewma_acute_chronic" time="0.136" /><testcase classname="tests.test_acwr_alignment.TestACWRAlignment" name="test_05_dashboard_overview_monotony_strain" time="0.132" /><testcase classname="tests.test_acwr_alignment.TestACWRAlignment" name="test_06_dashboard_overview_acwr_timeline" time="0.161" /><testcase classname="tests.test_acwr_alignment.TestACWRAlignment" name="test_07_athletes_without_data_have_null_acwr_team_dashboard" time="0.149" /><testcase classname="tests.test_acwr_alignment.TestACWRAlignment" name="test_08_athletes_without_data_have_null_acwr_overview" time="0.142" /><testcase classname="tests.test_acwr_alignment.TestACWRAlignment" name="test_09_date_range_filter_today" time="0.137" /><testcase classname="tests.test_acwr_alignment.TestACWRAlignment" name="test_10_date_range_filter_yesterday" time="0.142" /><testcase classname="tests.test_acwr_alignment.TestACWRAlignment" name="test_11_date_range_filter_7d" time="0.128" /><testcase classname="tests.test_acwr_alignment.TestACWRAlignment" name="test_12_date_range_filter_14d" time="0.130" /><testcase classname="tests.test_acwr_alignment.TestACWRAlignment" name="test_13_date_range_filter_28d" time="0.152" /><testcase classname="tests.test_acwr_alignment.TestACWRAlignment" name="test_14_date_range_filter_90d" time="0.140" /><testcase classname="tests.test_acwr_alignment.TestACWRAlignment" name="test_15_individual_athlete_acwr_comparison" time="0.259" /></testsuite></testsuites>