<?xml version="1.0" encoding="utf-8"?><testsuites name="pytest tests"><testsuite name="pytest" errors="0" failures="1" skipped="0" tests="8" time="1.880" timestamp="2026-02-08T14:34:54.237207+00:00" hostname="agent-env-389c3d18-9fd5-4b95-96fa-dc6a676fb263"><testcase classname="tests.test_new_features_v2.TestTeamDashboardRSI" name="test_team_dashboard_returns_rsi" time="0.358" /><testcase classname="tests.test_new_features_v2.TestTeamDashboardRSI" name="test_team_dashboard_rsi_trend" time="0.076" /><testcase classname="tests.test_new_features_v2.TestTeamDashboardHID" name="test_team_dashboard_hid_in_meters" time="0.326" /><testcase classname="tests.test_new_features_v2.TestVBTOptimalLoad" name="test_vbt_analysis_returns_optimal_load" time="0.294" /><testcase classname="tests.test_new_features_v2.TestVBTOptimalLoad" name="test_vbt_analysis_returns_optimal_load_evolution" time="0.037" /><testcase classname="tests.test_new_features_v2.TestPDFStrengthSection" name="test_pdf_report_generation" time="0.308" /><testcase classname="tests.test_new_features_v2.TestVBTDataCreation" name="test_create_vbt_data_with_realistic_profile" time="0.374" /><testcase classname="tests.test_new_features_v2.TestHealthCheck" name="test_api_health" time="0.035"><failure message="AssertionError: API health check failed: 404&#10;assert 404 == 200&#10; +  where 404 = &lt;Response [404]&gt;.status_code">tests/test_new_features_v2.py:282: in test_api_health
    assert response.status_code == 200, f"API health check failed: {response.status_code}"
E   AssertionError: API health check failed: 404
E   assert 404 == 200
E    +  where 404 = &lt;Response [404]&gt;.status_code</failure></testcase></testsuite></testsuites>