<?xml version="1.0" encoding="utf-8"?><testsuites name="pytest tests"><testsuite name="pytest" errors="0" failures="0" skipped="0" tests="20" time="4.349" timestamp="2026-03-13T18:15:32.388061+00:00" hostname="agent-env-32b4960c-1180-4ef2-88c7-860c7a63fb86"><testcase classname="backend.tests.test_dashboard_overview.TestDashboardOverviewEndpoint" name="test_01_endpoint_returns_200" time="0.792" /><testcase classname="backend.tests.test_dashboard_overview.TestDashboardOverviewEndpoint" name="test_02_default_mode_is_team" time="0.156" /><testcase classname="backend.tests.test_dashboard_overview.TestDashboardOverviewEndpoint" name="test_03_response_has_required_fields" time="0.164" /><testcase classname="backend.tests.test_dashboard_overview.TestDashboardOverviewEndpoint" name="test_04_summary_contains_team_metrics" time="0.131" /><testcase classname="backend.tests.test_dashboard_overview.TestDashboardOverviewEndpoint" name="test_05_athletes_array_contains_per_athlete_data" time="0.197" /><testcase classname="backend.tests.test_dashboard_overview.TestDashboardOverviewEndpoint" name="test_06_date_range_filter_7d" time="0.148" /><testcase classname="backend.tests.test_dashboard_overview.TestDashboardOverviewEndpoint" name="test_07_date_range_filter_14d" time="0.150" /><testcase classname="backend.tests.test_dashboard_overview.TestDashboardOverviewEndpoint" name="test_08_date_range_filter_28d" time="0.127" /><testcase classname="backend.tests.test_dashboard_overview.TestDashboardOverviewEndpoint" name="test_09_date_range_filter_90d" time="0.129" /><testcase classname="backend.tests.test_dashboard_overview.TestDashboardOverviewEndpoint" name="test_10_position_filter_changes_mode" time="0.334" /><testcase classname="backend.tests.test_dashboard_overview.TestDashboardOverviewEndpoint" name="test_11_athlete_filter_changes_mode" time="0.292" /><testcase classname="backend.tests.test_dashboard_overview.TestDashboardOverviewEndpoint" name="test_12_insights_object_present" time="0.371" /><testcase classname="backend.tests.test_dashboard_overview.TestDashboardOverviewEndpoint" name="test_13_aggregated_timeline_present_in_team_mode" time="0.127" /><testcase classname="backend.tests.test_dashboard_overview.TestDashboardOverviewEndpoint" name="test_14_risk_distribution_format" time="0.116" /><testcase classname="backend.tests.test_dashboard_overview.TestDashboardOverviewEndpoint" name="test_15_lang_parameter_pt" time="0.137" /><testcase classname="backend.tests.test_dashboard_overview.TestDashboardOverviewEndpoint" name="test_16_lang_parameter_en" time="0.176" /><testcase classname="backend.tests.test_dashboard_overview.TestDashboardOverviewEndpoint" name="test_17_athlete_has_velocity_zones" time="0.135" /><testcase classname="backend.tests.test_dashboard_overview.TestDashboardOverviewEndpoint" name="test_18_athlete_has_daily_timeline" time="0.148" /><testcase classname="backend.tests.test_dashboard_overview.TestDashboardOverviewEndpoint" name="test_19_athlete_has_acwr_timeline" time="0.144" /><testcase classname="backend.tests.test_dashboard_overview.TestDashboardOverviewEndpoint" name="test_20_combined_filters" time="0.271" /></testsuite></testsuites>