<?xml version="1.0" encoding="utf-8"?><testsuites name="pytest tests"><testsuite name="pytest" errors="0" failures="0" skipped="0" tests="18" time="3.187" timestamp="2026-02-11T21:22:23.146963+00:00" hostname="agent-env-3b8a6fef-8872-4c96-8bfe-6286aae61063"><testcase classname="tests.test_peak_values.TestExtractGpsMetrics" name="test_empty_records" time="0.000" /><testcase classname="tests.test_peak_values.TestExtractGpsMetrics" name="test_single_consolidated_record" time="0.000" /><testcase classname="tests.test_peak_values.TestExtractGpsMetrics" name="test_session_with_periods" time="0.000" /><testcase classname="tests.test_peak_values.TestExtractGpsMetrics" name="test_session_with_periods_different_values" time="0.000" /><testcase classname="tests.test_peak_values.TestExtractGpsMetrics" name="test_only_periods_no_session" time="0.000" /><testcase classname="tests.test_peak_values.TestExtractGpsMetrics" name="test_session_keywords_variations" time="0.000" /><testcase classname="tests.test_peak_values.TestExtractGpsMetrics" name="test_period_keywords_excluded" time="0.000" /><testcase classname="tests.test_peak_values.TestPeakValuesIntegration" name="test_peak_values_stored_correctly" time="0.010" /><testcase classname="tests.test_peak_values_api.TestPeakValuesAPI" name="test_01_login_success" time="0.280" /><testcase classname="tests.test_peak_values_api.TestPeakValuesAPI" name="test_02_get_peak_values" time="0.296" /><testcase classname="tests.test_peak_values_api.TestPeakValuesAPI" name="test_03_recalculate_peaks" time="0.071" /><testcase classname="tests.test_peak_values_api.TestPeakValuesAPI" name="test_04_verify_peaks_after_recalculate" time="0.041" /><testcase classname="tests.test_peak_values_api.TestPeakValuesAPI" name="test_05_get_calculated_prescriptions" time="0.041" /><testcase classname="tests.test_peak_values_api.TestPeakValuesAPI" name="test_06_get_all_gps_sessions" time="0.037" /><testcase classname="tests.test_peak_values_api.TestPeakValuesAPI" name="test_07_classify_session_all_athletes" time="0.219" /><testcase classname="tests.test_peak_values_api.TestPeakValuesAPI" name="test_08_get_athletes" time="0.044" /><testcase classname="tests.test_peak_values_api.TestPeakValuesAPI" name="test_09_get_single_athlete_peak_values" time="0.076" /><testcase classname="tests.test_peak_values_api.TestPeakValuesCalculationLogic" name="test_peak_values_match_game_sessions" time="0.317" /></testsuite></testsuites>