<?xml version="1.0" encoding="utf-8"?><testsuites name="pytest tests"><testsuite name="pytest" errors="0" failures="1" skipped="0" tests="6" time="2.354" timestamp="2026-02-07T21:25:42.661981+00:00" hostname="agent-env-fa9d75f5-f575-4c54-abd1-49eb0ca9d257"><testcase classname="tests.test_team_dashboard_bugs.TestTeamDashboardBugFixes" name="test_position_summary_structure" time="0.494"><failure message="AssertionError: Expected 2 athletes, got 4&#10;assert 4 == 2">tests/test_team_dashboard_bugs.py:110: in test_position_summary_structure
    assert midfielder_stats["count"] == 2, f"Expected 2 athletes, got {midfielder_stats['count']}"
E   AssertionError: Expected 2 athletes, got 4
E   assert 4 == 2</failure></testcase><testcase classname="tests.test_team_dashboard_bugs.TestTeamDashboardBugFixes" name="test_session_counting_unique_sessions" time="0.371" /><testcase classname="tests.test_team_dashboard_bugs.TestTeamDashboardBugFixes" name="test_position_group_averages_not_individual" time="0.388" /><testcase classname="tests.test_team_dashboard_bugs.TestWellnessColorLogic" name="test_wellness_data_structure" time="0.328" /><testcase classname="tests.test_team_dashboard_bugs.TestDecimalInputForVelocity" name="test_vbt_decimal_velocity_input" time="0.327" /><testcase classname="tests.test_team_dashboard_bugs.TestDecimalInputForVelocity" name="test_strength_assessment_decimal_speed" time="0.380" /></testsuite></testsuites>