<?xml version="1.0" encoding="utf-8"?><testsuites name="pytest tests"><testsuite name="pytest" errors="0" failures="6" skipped="0" tests="6" time="1.941" timestamp="2026-02-07T21:23:46.812054+00:00" hostname="agent-env-fa9d75f5-f575-4c54-abd1-49eb0ca9d257"><testcase classname="tests.test_team_dashboard_bugs.TestTeamDashboardBugFixes" name="test_position_summary_structure" time="0.314"><failure message="KeyError: 'id'">tests/test_team_dashboard_bugs.py:67: in test_position_summary_structure
    self.created_athletes.append(athlete["id"])
                                 ^^^^^^^^^^^^^
E   KeyError: 'id'</failure></testcase><testcase classname="tests.test_team_dashboard_bugs.TestTeamDashboardBugFixes" name="test_session_counting_unique_sessions" time="0.311"><failure message="KeyError: 'id'">tests/test_team_dashboard_bugs.py:139: in test_session_counting_unique_sessions
    self.created_athletes.append(athlete["id"])
                                 ^^^^^^^^^^^^^
E   KeyError: 'id'</failure></testcase><testcase classname="tests.test_team_dashboard_bugs.TestTeamDashboardBugFixes" name="test_position_group_averages_not_individual" time="0.312"><failure message="KeyError: 'id'">tests/test_team_dashboard_bugs.py:228: in test_position_group_averages_not_individual
    self.created_athletes.append(athlete["id"])
                                 ^^^^^^^^^^^^^
E   KeyError: 'id'</failure></testcase><testcase classname="tests.test_team_dashboard_bugs.TestWellnessColorLogic" name="test_wellness_data_structure" time="0.273"><failure message="KeyError: 'id'">tests/test_team_dashboard_bugs.py:319: in test_wellness_data_structure
    self.created_athletes.append(athlete["id"])
                                 ^^^^^^^^^^^^^
E   KeyError: 'id'</failure></testcase><testcase classname="tests.test_team_dashboard_bugs.TestDecimalInputForVelocity" name="test_vbt_decimal_velocity_input" time="0.268"><failure message="KeyError: 'id'">tests/test_team_dashboard_bugs.py:388: in test_vbt_decimal_velocity_input
    self.created_athletes.append(athlete["id"])
                                 ^^^^^^^^^^^^^
E   KeyError: 'id'</failure></testcase><testcase classname="tests.test_team_dashboard_bugs.TestDecimalInputForVelocity" name="test_strength_assessment_decimal_speed" time="0.306"><failure message="KeyError: 'id'">tests/test_team_dashboard_bugs.py:442: in test_strength_assessment_decimal_speed
    self.created_athletes.append(athlete["id"])
                                 ^^^^^^^^^^^^^
E   KeyError: 'id'</failure></testcase></testsuite></testsuites>