<?xml version="1.0" encoding="utf-8"?><testsuites name="pytest tests"><testsuite name="pytest" errors="0" failures="0" skipped="0" tests="16" time="8.376" timestamp="2026-03-14T16:43:24.032854+00:00" hostname="agent-env-9f6dab06-3c04-45a5-a67c-cf74fe225456"><testcase classname="backend.tests.test_pdf_export.TestDashboardPdfExport" name="test_endpoint_returns_html" time="0.601" /><testcase classname="backend.tests.test_pdf_export.TestDashboardPdfExport" name="test_white_background_not_dark" time="0.573" /><testcase classname="backend.tests.test_pdf_export.TestDashboardPdfExport" name="test_contains_inline_svg_charts" time="0.537" /><testcase classname="backend.tests.test_pdf_export.TestDashboardPdfExport" name="test_acwr_gauge_svg_visualization" time="0.485" /><testcase classname="backend.tests.test_pdf_export.TestDashboardPdfExport" name="test_velocity_zones_horizontal_bars" time="0.603" /><testcase classname="backend.tests.test_pdf_export.TestDashboardPdfExport" name="test_metric_cards_structure" time="0.520" /><testcase classname="backend.tests.test_pdf_export.TestDashboardPdfExport" name="test_all_layers_render" time="0.464" /><testcase classname="backend.tests.test_pdf_export.TestDashboardPdfExport" name="test_load_layer_only" time="0.495" /><testcase classname="backend.tests.test_pdf_export.TestDashboardPdfExport" name="test_summary_layer_only" time="0.460" /><testcase classname="backend.tests.test_pdf_export.TestDashboardPdfExport" name="test_report_header_structure" time="0.473" /><testcase classname="backend.tests.test_pdf_export.TestDashboardPdfExport" name="test_print_css_media_query" time="0.557" /><testcase classname="backend.tests.test_pdf_export.TestDashboardPdfExport" name="test_no_dark_theme_colors_in_base_styles" time="0.520" /><testcase classname="backend.tests.test_pdf_export.TestDashboardPdfExport" name="test_portuguese_language_option" time="0.496" /><testcase classname="backend.tests.test_pdf_export.TestDashboardPdfExport" name="test_english_language_option" time="0.500" /><testcase classname="backend.tests.test_pdf_export.TestReportDataContent" name="test_report_renders_without_error" time="0.457" /><testcase classname="backend.tests.test_pdf_export.TestReportDataContent" name="test_charts_have_svg_structure" time="0.470" /></testsuite></testsuites>