<?xml version="1.0" encoding="utf-8"?><testsuites name="pytest tests"><testsuite name="pytest" errors="0" failures="0" skipped="0" tests="10" time="1.605" timestamp="2026-02-11T21:22:14.153137+00:00" hostname="agent-env-3b8a6fef-8872-4c96-8bfe-6286aae61063"><testcase classname="tests.test_peak_values_api.TestPeakValuesAPI" name="test_01_login_success" time="0.313" /><testcase classname="tests.test_peak_values_api.TestPeakValuesAPI" name="test_02_get_peak_values" time="0.335" /><testcase classname="tests.test_peak_values_api.TestPeakValuesAPI" name="test_03_recalculate_peaks" time="0.091" /><testcase classname="tests.test_peak_values_api.TestPeakValuesAPI" name="test_04_verify_peaks_after_recalculate" time="0.046" /><testcase classname="tests.test_peak_values_api.TestPeakValuesAPI" name="test_05_get_calculated_prescriptions" time="0.048" /><testcase classname="tests.test_peak_values_api.TestPeakValuesAPI" name="test_06_get_all_gps_sessions" time="0.042" /><testcase classname="tests.test_peak_values_api.TestPeakValuesAPI" name="test_07_classify_session_all_athletes" time="0.196" /><testcase classname="tests.test_peak_values_api.TestPeakValuesAPI" name="test_08_get_athletes" time="0.054" /><testcase classname="tests.test_peak_values_api.TestPeakValuesAPI" name="test_09_get_single_athlete_peak_values" time="0.085" /><testcase classname="tests.test_peak_values_api.TestPeakValuesCalculationLogic" name="test_peak_values_match_game_sessions" time="0.315" /></testsuite></testsuites>