<?xml version="1.0" encoding="utf-8"?><testsuites name="pytest tests"><testsuite name="pytest" errors="0" failures="0" skipped="0" tests="9" time="3.308" timestamp="2026-02-07T17:40:50.275002+00:00" hostname="agent-env-f63577d0-0c92-4725-bdb5-9cb6976af0ec"><testcase classname="backend.tests.test_body_composition.TestBodyCompositionAPI" name="test_get_protocols" time="0.355" /><testcase classname="backend.tests.test_body_composition.TestBodyCompositionAPI" name="test_create_body_composition_guedes_male" time="0.355" /><testcase classname="backend.tests.test_body_composition.TestBodyCompositionAPI" name="test_create_body_composition_pollock_jackson_7" time="0.316" /><testcase classname="backend.tests.test_body_composition.TestBodyCompositionAPI" name="test_create_body_composition_faulkner_4" time="0.322" /><testcase classname="backend.tests.test_body_composition.TestBodyCompositionAPI" name="test_get_athlete_body_compositions" time="0.375" /><testcase classname="backend.tests.test_body_composition.TestBodyCompositionAPI" name="test_delete_body_composition" time="0.325" /><testcase classname="backend.tests.test_body_composition.TestBodyCompositionAPI" name="test_bmi_classification" time="0.566" /><testcase classname="backend.tests.test_body_composition.TestBodyCompositionAPI" name="test_invalid_athlete_id" time="0.315" /><testcase classname="backend.tests.test_body_composition.TestBodyCompositionCalculations" name="test_lean_mass_fat_mass_sum" time="0.292" /></testsuite></testsuites>