<?xml version="1.0" encoding="utf-8"?><testsuites name="pytest tests"><testsuite name="pytest" errors="0" failures="1" skipped="0" tests="8" time="4.567" timestamp="2026-02-13T20:37:48.436609+00:00" hostname="agent-env-2b12b158-a3ba-4061-accd-980ff6cf3659"><testcase classname="backend.tests.test_vbt_camera_phase3.TestVBTCameraPhase3" name="test_01_post_vbt_data_with_camera_provider" time="0.550" /><testcase classname="backend.tests.test_vbt_camera_phase3.TestVBTCameraPhase3" name="test_02_get_athlete_vbt_data_includes_camera_provider" time="0.542" /><testcase classname="backend.tests.test_vbt_camera_phase3.TestVBTCameraPhase3" name="test_03_vbt_analysis_returns_velocity_loss_data" time="0.481" /><testcase classname="backend.tests.test_vbt_camera_phase3.TestVBTCameraPhase3" name="test_04_scientific_analysis_includes_vbt_camera_data" time="0.498" /><testcase classname="backend.tests.test_vbt_camera_phase3.TestVBTCameraPhase3" name="test_05_vbt_providers_includes_camera" time="0.631"><failure message="AssertionError: Provider name should be 'Camera'&#10;assert 'Camera Tracking' == 'Camera'&#10;  &#10;  - Camera&#10;  + Camera Tracking">backend/tests/test_vbt_camera_phase3.py:190: in test_05_vbt_providers_includes_camera
    assert camera_provider.get("name") == "Camera", "Provider name should be 'Camera'"
E   AssertionError: Provider name should be 'Camera'
E   assert 'Camera Tracking' == 'Camera'
E     
E     - Camera
E     + Camera Tracking</failure></testcase><testcase classname="backend.tests.test_vbt_camera_phase3.TestVBTCameraPhase3" name="test_06_vbt_data_with_velocity_drop_saved" time="0.760" /><testcase classname="backend.tests.test_vbt_camera_phase3.TestVBTCameraPhase3" name="test_07_multiple_exercises_vbt_analysis" time="0.436" /><testcase classname="backend.tests.test_vbt_camera_phase3.TestVBTCameraPhase3" name="test_08_velocity_loss_calculation_accuracy" time="0.519" /></testsuite></testsuites>