<?xml version="1.0" encoding="utf-8"?><testsuites name="pytest tests"><testsuite name="pytest" errors="0" failures="0" skipped="0" tests="8" time="2.203" timestamp="2026-02-08T14:35:16.318754+00:00" hostname="agent-env-389c3d18-9fd5-4b95-96fa-dc6a676fb263"><testcase classname="tests.test_new_features_v2.TestTeamDashboardRSI" name="test_team_dashboard_returns_rsi" time="0.360" /><testcase classname="tests.test_new_features_v2.TestTeamDashboardRSI" name="test_team_dashboard_rsi_trend" time="0.073" /><testcase classname="tests.test_new_features_v2.TestTeamDashboardHID" name="test_team_dashboard_hid_in_meters" time="0.330" /><testcase classname="tests.test_new_features_v2.TestVBTOptimalLoad" name="test_vbt_analysis_returns_optimal_load" time="0.301" /><testcase classname="tests.test_new_features_v2.TestVBTOptimalLoad" name="test_vbt_analysis_returns_optimal_load_evolution" time="0.036" /><testcase classname="tests.test_new_features_v2.TestPDFStrengthSection" name="test_pdf_report_generation" time="0.379" /><testcase classname="tests.test_new_features_v2.TestVBTDataCreation" name="test_create_vbt_data_with_realistic_profile" time="0.346" /><testcase classname="tests.test_new_features_v2.TestHealthCheck" name="test_api_accessible" time="0.313" /></testsuite></testsuites>