<?xml version="1.0" encoding="utf-8"?><testsuites name="pytest tests"><testsuite name="pytest" errors="0" failures="0" skipped="0" tests="19" time="2.658" timestamp="2026-03-13T00:39:59.803950+00:00" hostname="agent-env-8e4b989b-48df-4d35-8e6b-94f471942e76"><testcase classname="backend.tests.test_jump_asymmetry.TestAsymmetryForSLCMJ" name="test_01_sl_cmj_left_returns_asymmetry_object" time="0.713" /><testcase classname="backend.tests.test_jump_asymmetry.TestAsymmetryForSLCMJ" name="test_02_sl_cmj_right_returns_asymmetry_object" time="0.060" /><testcase classname="backend.tests.test_jump_asymmetry.TestAsymmetryNullForNonSLCMJ" name="test_03_cmj_returns_asymmetry_null" time="0.065" /><testcase classname="backend.tests.test_jump_asymmetry.TestAsymmetryNullForNonSLCMJ" name="test_04_dj_returns_asymmetry_null" time="0.103" /><testcase classname="backend.tests.test_jump_asymmetry.TestAsymmetryFormula" name="test_05_asymmetry_formula_calculation" time="0.056" /><testcase classname="backend.tests.test_jump_asymmetry.TestAsymmetryFormula" name="test_06_red_flag_threshold" time="0.060" /><testcase classname="backend.tests.test_jump_asymmetry.TestProtocolIsolation" name="test_07_cmj_only_returns_cmj_data" time="0.056" /><testcase classname="backend.tests.test_jump_asymmetry.TestProtocolIsolation" name="test_08_dj_only_returns_dj_data" time="0.057" /><testcase classname="backend.tests.test_jump_asymmetry.TestProtocolIsolation" name="test_09_protocols_have_independent_dates" time="0.122" /><testcase classname="backend.tests.test_jump_asymmetry.TestFatigueIndexMetricLabel" name="test_10_cmj_uses_rsimod_label" time="0.073" /><testcase classname="backend.tests.test_jump_asymmetry.TestFatigueIndexMetricLabel" name="test_11_sl_cmj_uses_rsimod_label" time="0.069" /><testcase classname="backend.tests.test_jump_asymmetry.TestFatigueIndexMetricLabel" name="test_12_dj_uses_rsi_label" time="0.061" /><testcase classname="backend.tests.test_jump_asymmetry.TestDateFiltering" name="test_13_date_filter_changes_selected_date" time="0.190" /><testcase classname="backend.tests.test_jump_asymmetry.TestDateFiltering" name="test_14_date_filter_returns_different_metrics" time="0.188" /><testcase classname="backend.tests.test_jump_asymmetry.TestPostAssessmentEndpoint" name="test_15_post_assessment_still_works" time="0.065" /><testcase classname="backend.tests.test_jump_asymmetry.TestPostAssessmentEndpoint" name="test_16_post_sl_cmj_assessment" time="0.132" /><testcase classname="backend.tests.test_jump_asymmetry.TestResponseStructureWithAsymmetry" name="test_17_response_includes_asymmetry_field" time="0.247" /><testcase classname="backend.tests.test_jump_asymmetry.TestResponseStructureWithAsymmetry" name="test_18_full_asymmetry_structure_for_sl_cmj" time="0.072" /><testcase classname="backend.tests.test_jump_asymmetry.TestSecondAthlete" name="test_19_second_athlete_protocol_analysis" time="0.054" /></testsuite></testsuites>