<?xml version="1.0" encoding="utf-8"?><testsuites name="pytest tests"><testsuite name="pytest" errors="0" failures="0" skipped="0" tests="12" time="1.061" timestamp="2026-02-07T18:45:09.875169+00:00" hostname="agent-env-fde619de-4785-405a-b106-5a3cfacd9be9"><testcase classname="tests.test_vbt_body_composition.TestVBTEndpoints" name="test_vbt_providers_endpoint" time="0.076" /><testcase classname="tests.test_vbt_body_composition.TestVBTEndpoints" name="test_vbt_analysis_endpoint" time="0.305" /><testcase classname="tests.test_vbt_body_composition.TestVBTEndpoints" name="test_vbt_data_submission" time="0.042" /><testcase classname="tests.test_vbt_body_composition.TestBodyCompositionEndpoints" name="test_body_composition_protocols_endpoint" time="0.037" /><testcase classname="tests.test_vbt_body_composition.TestBodyCompositionEndpoints" name="test_body_composition_submission_guedes" time="0.039" /><testcase classname="tests.test_vbt_body_composition.TestBodyCompositionEndpoints" name="test_body_composition_submission_pollock_jackson_7" time="0.041" /><testcase classname="tests.test_vbt_body_composition.TestBodyCompositionEndpoints" name="test_body_composition_athlete_history" time="0.037" /><testcase classname="tests.test_vbt_body_composition.TestAthleteEndpoints" name="test_get_athlete" time="0.035" /><testcase classname="tests.test_vbt_body_composition.TestAthleteEndpoints" name="test_get_athlete_assessments" time="0.047" /><testcase classname="tests.test_vbt_body_composition.TestAuthEndpoints" name="test_login_success" time="0.257" /><testcase classname="tests.test_vbt_body_composition.TestAuthEndpoints" name="test_login_invalid_credentials" time="0.034" /><testcase classname="tests.test_vbt_body_composition.TestAuthEndpoints" name="test_auth_me_endpoint" time="0.036" /></testsuite></testsuites>