<?xml version="1.0" encoding="utf-8"?><testsuites name="pytest tests"><testsuite name="pytest" errors="0" failures="0" skipped="0" tests="18" time="2.781" timestamp="2026-03-15T00:33:01.975104+00:00" hostname="agent-env-d0125ea8-78d2-4ce3-82e0-e1fa31d08a45"><testcase classname="backend.tests.test_empty_state_bugs.TestEmptyStateBugFixes" name="test_01_baseline_overview_with_existing_data" time="0.461" /><testcase classname="backend.tests.test_empty_state_bugs.TestEmptyStateBugFixes" name="test_02_baseline_team_dashboard_with_existing_data" time="0.114" /><testcase classname="backend.tests.test_empty_state_bugs.TestEmptyStateBugFixes" name="test_03_get_current_athletes" time="0.118" /><testcase classname="backend.tests.test_empty_state_bugs.TestEmptyStateBugFixes" name="test_04_create_test_athlete_for_deletion" time="0.114" /><testcase classname="backend.tests.test_empty_state_bugs.TestEmptyStateBugFixes" name="test_05_create_wellness_for_test_athlete" time="0.130" /><testcase classname="backend.tests.test_empty_state_bugs.TestEmptyStateBugFixes" name="test_06_verify_overview_shows_wellness_after_creation" time="0.131" /><testcase classname="backend.tests.test_empty_state_bugs.TestEmptyStateBugFixes" name="test_07_delete_test_athlete" time="0.155" /><testcase classname="backend.tests.test_empty_state_bugs.TestEmptyStateBugFixes" name="test_08_overview_after_deletion_no_residual_wellness" time="0.141" /><testcase classname="backend.tests.test_empty_state_bugs.TestEmptyStateBugFixes" name="test_09_team_dashboard_after_deletion_structure_preserved" time="0.243" /><testcase classname="backend.tests.test_empty_state_bugs.TestEmptyStateBugFixes" name="test_10_overview_reload_still_clean" time="0.233" /><testcase classname="backend.tests.test_empty_state_bugs.TestEmptyStateBugFixes" name="test_11_team_dashboard_reload_still_clean" time="0.263" /><testcase classname="backend.tests.test_empty_state_bugs.TestEmptyStateBugFixes" name="test_12_create_new_athlete_after_empty_state" time="0.121" /><testcase classname="backend.tests.test_empty_state_bugs.TestEmptyStateBugFixes" name="test_13_create_wellness_for_new_athlete" time="0.131" /><testcase classname="backend.tests.test_empty_state_bugs.TestEmptyStateBugFixes" name="test_14_overview_shows_new_athlete_correctly" time="0.124" /><testcase classname="backend.tests.test_empty_state_bugs.TestEmptyStateBugFixes" name="test_15_team_dashboard_shows_new_athlete" time="0.122" /><testcase classname="backend.tests.test_empty_state_bugs.TestEmptyStateBugFixes" name="test_99_cleanup_created_athlete" time="0.120" /><testcase classname="backend.tests.test_empty_state_bugs.TestFrontendCodeReview" name="test_data_tsx_wellness_fix" time="0.001" /><testcase classname="backend.tests.test_empty_state_bugs.TestFrontendCodeReview" name="test_team_tsx_early_return_fix" time="0.000" /></testsuite></testsuites>