<?xml version="1.0" encoding="utf-8"?><testsuites name="pytest tests"><testsuite name="pytest" errors="0" failures="0" skipped="0" tests="10" time="5.470" timestamp="2026-03-12T13:40:20.034788+00:00" hostname="agent-env-a94691a5-600a-4182-ac8e-8eb485d71371"><testcase classname="backend.tests.test_team_dashboard_metrics_audit.TestTeamDashboardMetricsAudit" name="test_01_team_dashboard_returns_readiness_score_for_athletes" time="0.526" /><testcase classname="backend.tests.test_team_dashboard_metrics_audit.TestTeamDashboardMetricsAudit" name="test_02_team_dashboard_returns_team_avg_readiness_in_stats" time="0.434" /><testcase classname="backend.tests.test_team_dashboard_metrics_audit.TestTeamDashboardMetricsAudit" name="test_03_gps_period_dedup_uses_session_not_sum" time="0.393" /><testcase classname="backend.tests.test_team_dashboard_metrics_audit.TestTeamDashboardMetricsAudit" name="test_04_metric_selector_changes_metric_value" time="0.499" /><testcase classname="backend.tests.test_team_dashboard_metrics_audit.TestTeamDashboardMetricsAudit" name="test_05_acwr_uses_selected_metric" time="0.466" /><testcase classname="backend.tests.test_team_dashboard_metrics_audit.TestTeamDashboardMetricsAudit" name="test_06_monotony_strain_use_selected_metric" time="0.459" /><testcase classname="backend.tests.test_team_dashboard_metrics_audit.TestTeamDashboardMetricsAudit" name="test_07_validate_readiness_calculation_formula" time="0.648" /><testcase classname="backend.tests.test_team_dashboard_metrics_audit.TestTeamDashboardMetricsAudit" name="test_08_check_joao_silva_test_data" time="0.588" /><testcase classname="backend.tests.test_team_dashboard_metrics_audit.TestTeamDashboardMetricsAudit" name="test_09_date_range_parameter_works" time="0.566" /><testcase classname="backend.tests.test_team_dashboard_metrics_audit.TestTeamDashboardMetricsAudit" name="test_10_all_acwr_metrics_supported" time="0.722" /></testsuite></testsuites>