<?xml version="1.0" encoding="utf-8"?><testsuites name="pytest tests"><testsuite name="pytest" errors="0" failures="0" skipped="0" tests="14" time="4.367" timestamp="2026-03-14T19:54:54.250360+00:00" hostname="agent-env-e58b9611-8b8a-45b3-9e31-fad1ee58a42e"><testcase classname="backend.tests.test_dashboard_readiness_dedup.TestDashboardOverviewReadiness" name="test_dashboard_overview_returns_200" time="0.666" /><testcase classname="backend.tests.test_dashboard_readiness_dedup.TestDashboardOverviewReadiness" name="test_dashboard_overview_has_team_readiness" time="0.177" /><testcase classname="backend.tests.test_dashboard_readiness_dedup.TestDashboardOverviewReadiness" name="test_dashboard_overview_athletes_have_readiness_score" time="0.117" /><testcase classname="backend.tests.test_dashboard_readiness_dedup.TestDashboardOverviewReadiness" name="test_readiness_different_from_wellness_times_10" time="0.141" /><testcase classname="backend.tests.test_dashboard_readiness_dedup.TestDashboardConsistency" name="test_team_dashboard_returns_200" time="0.501" /><testcase classname="backend.tests.test_dashboard_readiness_dedup.TestDashboardConsistency" name="test_acwr_consistency_between_endpoints" time="0.232" /><testcase classname="backend.tests.test_dashboard_readiness_dedup.TestDashboardConsistency" name="test_wellness_consistency_between_endpoints" time="0.242" /><testcase classname="backend.tests.test_dashboard_readiness_dedup.TestRecalculateAllLoadMetrics" name="test_recalculate_endpoint_returns_200" time="0.432" /><testcase classname="backend.tests.test_dashboard_readiness_dedup.TestRecalculateAllLoadMetrics" name="test_recalculate_returns_success_true" time="0.125" /><testcase classname="backend.tests.test_dashboard_readiness_dedup.TestRecalculateAllLoadMetrics" name="test_recalculate_returns_athlete_count" time="0.119" /><testcase classname="backend.tests.test_dashboard_readiness_dedup.TestRecalculateAllLoadMetrics" name="test_recalculate_returns_details_per_athlete" time="0.142" /><testcase classname="backend.tests.test_dashboard_readiness_dedup.TestGPSSessionDedup" name="test_load_metrics_team_latest_returns_200" time="0.452" /><testcase classname="backend.tests.test_dashboard_readiness_dedup.TestGPSSessionDedup" name="test_gps_sessions_athlete_endpoint" time="0.224" /><testcase classname="backend.tests.test_dashboard_readiness_dedup.TestLoadMetricsIntegration" name="test_athlete_load_metrics_endpoint" time="0.684" /></testsuite></testsuites>